#
# There is insufficient memory for the Java Runtime Environment to continue.
# Native memory allocation (malloc) failed to allocate 869456 bytes for Chunk::new
# Possible reasons:
#   The system is out of physical RAM or swap space
#   The process is running with CompressedOops enabled, and the Java Heap may be blocking the growth of the native heap
# Possible solutions:
#   Reduce memory load on the system
#   Increase physical memory or swap space
#   Check if swap backing store is full
#   Decrease Java heap size (-Xmx/-Xms)
#   Decrease number of Java threads
#   Decrease Java thread stack sizes (-Xss)
#   Set larger code cache with -XX:ReservedCodeCacheSize=
#   JVM is running with Unscaled Compressed Oops mode in which the Java heap is
#     placed in the first 4GB address space. The Java Heap base address is the
#     maximum limit for the native heap growth. Please use -XX:HeapBaseMinAddress
#     to set the Java Heap base and to place the Java Heap above 4GB virtual address.
# This output file may be truncated or incomplete.
#
#  Out of Memory Error (./src/hotspot/share/memory/arena.cpp:197), pid=29864, tid=26488
#
# JRE version: OpenJDK Runtime Environment (11.0.12+7) (build 11.0.12+7-b1504.28-7817840)
# Java VM: OpenJDK 64-Bit Server VM (11.0.12+7-b1504.28-7817840, mixed mode, tiered, compressed oops, g1 gc, windows-amd64)
# No core dump will be written. Minidumps are not enabled by default on client versions of Windows
#

---------------  S U M M A R Y ------------

Command Line: --add-opens=java.base/java.util=ALL-UNNAMED --add-opens=java.base/java.lang=ALL-UNNAMED --add-opens=java.base/java.lang.invoke=ALL-UNNAMED --add-opens=java.base/java.util=ALL-UNNAMED --add-opens=java.prefs/java.util.prefs=ALL-UNNAMED --add-opens=java.prefs/java.util.prefs=ALL-UNNAMED --add-opens=java.base/java.nio.charset=ALL-UNNAMED --add-opens=java.base/java.net=ALL-UNNAMED --add-opens=java.base/java.util.concurrent.atomic=ALL-UNNAMED -Xmx2048m -Dfile.encoding=UTF-8 -Duser.country=US -Duser.language=en -Duser.variant org.gradle.launcher.daemon.bootstrap.GradleDaemon 7.3.3

Host: Intel(R) Core(TM) i7-1065G7 CPU @ 1.30GHz, 8 cores, 15G,  Windows 10 , 64 bit Build 19041 (10.0.19041.1706)
Time: Wed Jun 15 12:40:05 2022 Jerusalem Daylight Time elapsed time: 14.085302 seconds (0d 0h 0m 14s)

---------------  T H R E A D  ---------------

Current thread (0x0000026d2f79b000):  JavaThread "C2 CompilerThread0" daemon [_thread_in_native, id=26488, stack(0x0000007dc9d00000,0x0000007dc9e00000)]


Current CompileTask:
C2:  14085 6241       4       org.gradle.internal.reflect.MethodSet::add (50 bytes)

Stack: [0x0000007dc9d00000,0x0000007dc9e00000]
Native frames: (J=compiled Java code, j=interpreted, Vv=VM code, C=native code)
V  [jvm.dll+0x5fbcea]
V  [jvm.dll+0x731905]
V  [jvm.dll+0x732f1d]
V  [jvm.dll+0x7335d3]
V  [jvm.dll+0x247bf8]
V  [jvm.dll+0xc018c]
V  [jvm.dll+0xc06cc]
V  [jvm.dll+0x35b31d]
V  [jvm.dll+0x328803]
V  [jvm.dll+0x327cfa]
V  [jvm.dll+0x200602]
V  [jvm.dll+0x1ff794]
V  [jvm.dll+0x18868c]
V  [jvm.dll+0x20e0d7]
V  [jvm.dll+0x20c901]
V  [jvm.dll+0x6f9b7f]
V  [jvm.dll+0x6f26a5]
V  [jvm.dll+0x5fabf6]
C  [ucrtbase.dll+0x21bb2]
C  [KERNEL32.DLL+0x17034]
C  [ntdll.dll+0x52651]


---------------  P R O C E S S  ---------------

Threads class SMR info:
_java_thread_list=0x0000026d32a9c9e0, length=122, elements={
0x0000026d142fc800, 0x0000026d2f72e800, 0x0000026d2f732000, 0x0000026d2f792800,
0x0000026d2f796000, 0x0000026d2f797000, 0x0000026d2f79b000, 0x0000026d2f7a1800,
0x0000026d2f7ab000, 0x0000026d2f7ac800, 0x0000026d2f7b0800, 0x0000026d2f7ad800,
0x0000026d2f7ac000, 0x0000026d2f7ae000, 0x0000026d2f7b0000, 0x0000026d2f7b1800,
0x0000026d2f7af000, 0x0000026d3169a000, 0x0000026d3169b800, 0x0000026d3169a800,
0x0000026d31697800, 0x0000026d3169c800, 0x0000026d31696800, 0x0000026d31698800,
0x0000026d3169d000, 0x0000026d3169f000, 0x0000026d3169e000, 0x0000026d31699000,
0x0000026d316a3000, 0x0000026d316a1800, 0x0000026d316a4800, 0x0000026d316a3800,
0x0000026d353af800, 0x0000026d353b6000, 0x0000026d353b2000, 0x0000026d353b0800,
0x0000026d353b4800, 0x0000026d353b8000, 0x0000026d353b4000, 0x0000026d353b8800,
0x0000026d353b3000, 0x0000026d353bb000, 0x0000026d353b9800, 0x0000026d353b5800,
0x0000026d353ba800, 0x0000026d353bc000, 0x0000026d353bd000, 0x0000026d353b7000,
0x0000026d353bd800, 0x0000026d3169f800, 0x0000026d2ffcf800, 0x0000026d2ffd0800,
0x0000026d2ffd1000, 0x0000026d2ffcd000, 0x0000026d2ffce000, 0x0000026d2ffce800,
0x0000026d2ffcb800, 0x0000026d2ffd2000, 0x0000026d2ffcc000, 0x0000026d2ffd3000,
0x0000026d2ffd5000, 0x0000026d2ffd6000, 0x0000026d2ffd3800, 0x0000026d2ffd7000,
0x0000026d2ffd7800, 0x0000026d2ffd8800, 0x0000026d2ffd9800, 0x0000026d2ffda000,
0x0000026d2ffd4800, 0x0000026d32e8d800, 0x0000026d32e93000, 0x0000026d32e90000,
0x0000026d32e94000, 0x0000026d32e8f000, 0x0000026d32e92000, 0x0000026d32e8e000,
0x0000026d32e94800, 0x0000026d32e95800, 0x0000026d32e96800, 0x0000026d32e90800,
0x0000026d32e97000, 0x0000026d32e91800, 0x0000026d32e99800, 0x0000026d32e98000,
0x0000026d32e99000, 0x0000026d32e9c000, 0x0000026d32e9a800, 0x0000026d32e9b000,
0x0000026d32c79800, 0x0000026d32c77000, 0x0000026d32c78000, 0x0000026d32c78800,
0x0000026d32c7a800, 0x0000026d32c7b000, 0x0000026d32c7c000, 0x0000026d32c76800,
0x0000026d32c7d000, 0x0000026d32c80000, 0x0000026d32c81000, 0x0000026d32c81800,
0x0000026d32c7e800, 0x0000026d32c82800, 0x0000026d32c83800, 0x0000026d32c7d800,
0x0000026d32c84000, 0x0000026d32c85000, 0x0000026d32c7f800, 0x0000026d31f0f800,
0x0000026d31f0e800, 0x0000026d31f11000, 0x0000026d31f10800, 0x0000026d31f0d000,
0x0000026d31f0c000, 0x0000026d31f12000, 0x0000026d31f13000, 0x0000026d31f13800,
0x0000026d31f0e000, 0x0000026d31f18800, 0x0000026d31f17800, 0x0000026d31f17000,
0x0000026d31f19800, 0x0000026d31f1a000
}

Java Threads: ( => current thread )
  0x0000026d142fc800 JavaThread "main" [_thread_blocked, id=5864, stack(0x0000007dc9100000,0x0000007dc9200000)]
  0x0000026d2f72e800 JavaThread "Reference Handler" daemon [_thread_blocked, id=20828, stack(0x0000007dc9800000,0x0000007dc9900000)]
  0x0000026d2f732000 JavaThread "Finalizer" daemon [_thread_blocked, id=17864, stack(0x0000007dc9900000,0x0000007dc9a00000)]
  0x0000026d2f792800 JavaThread "Signal Dispatcher" daemon [_thread_blocked, id=7660, stack(0x0000007dc9a00000,0x0000007dc9b00000)]
  0x0000026d2f796000 JavaThread "Attach Listener" daemon [_thread_blocked, id=11640, stack(0x0000007dc9b00000,0x0000007dc9c00000)]
  0x0000026d2f797000 JavaThread "Service Thread" daemon [_thread_blocked, id=27576, stack(0x0000007dc9c00000,0x0000007dc9d00000)]
=>0x0000026d2f79b000 JavaThread "C2 CompilerThread0" daemon [_thread_in_native, id=26488, stack(0x0000007dc9d00000,0x0000007dc9e00000)]
  0x0000026d2f7a1800 JavaThread "C1 CompilerThread0" daemon [_thread_in_vm, id=19740, stack(0x0000007dc9e00000,0x0000007dc9f00000)]
  0x0000026d2f7ab000 JavaThread "Sweeper thread" daemon [_thread_blocked, id=26068, stack(0x0000007dc9f00000,0x0000007dca000000)]
  0x0000026d2f7ac800 JavaThread "Common-Cleaner" daemon [_thread_blocked, id=4856, stack(0x0000007dca000000,0x0000007dca100000)]
  0x0000026d2f7b0800 JavaThread "Daemon health stats" [_thread_blocked, id=15864, stack(0x0000007dca900000,0x0000007dcaa00000)]
  0x0000026d2f7ad800 JavaThread "Incoming local TCP Connector on port 55781" [_thread_in_native, id=17704, stack(0x0000007dca200000,0x0000007dca300000)]
  0x0000026d2f7ac000 JavaThread "Daemon periodic checks" [_thread_blocked, id=20440, stack(0x0000007dca800000,0x0000007dca900000)]
  0x0000026d2f7ae000 JavaThread "Daemon" [_thread_blocked, id=3048, stack(0x0000007dcaa00000,0x0000007dcab00000)]
  0x0000026d2f7b0000 JavaThread "Handler for socket connection from /127.0.0.1:55781 to /127.0.0.1:55782" [_thread_in_native, id=20928, stack(0x0000007dcab00000,0x0000007dcac00000)]
  0x0000026d2f7b1800 JavaThread "Cancel handler" [_thread_blocked, id=24748, stack(0x0000007dcac00000,0x0000007dcad00000)]
  0x0000026d2f7af000 JavaThread "Daemon worker" [_thread_in_Java, id=14868, stack(0x0000007dcad00000,0x0000007dcae00000)]
  0x0000026d3169a000 JavaThread "Asynchronous log dispatcher for DefaultDaemonConnection: socket connection from /127.0.0.1:55781 to /127.0.0.1:55782" [_thread_blocked, id=19724, stack(0x0000007dcae00000,0x0000007dcaf00000)]
  0x0000026d3169b800 JavaThread "Stdin handler" [_thread_blocked, id=8400, stack(0x0000007dcaf00000,0x0000007dcb000000)]
  0x0000026d3169a800 JavaThread "Daemon client event forwarder" [_thread_blocked, id=29572, stack(0x0000007dcb000000,0x0000007dcb100000)]
  0x0000026d31697800 JavaThread "Cache worker for journal cache (C:\Users\user\.gradle\caches\journal-1)" [_thread_blocked, id=11984, stack(0x0000007dcb100000,0x0000007dcb200000)]
  0x0000026d3169c800 JavaThread "File lock request listener" [_thread_in_native, id=8340, stack(0x0000007dcb200000,0x0000007dcb300000)]
  0x0000026d31696800 JavaThread "Cache worker for file hash cache (C:\Users\user\.gradle\caches\7.3.3\fileHashes)" [_thread_blocked, id=18340, stack(0x0000007dcb300000,0x0000007dcb400000)]
  0x0000026d31698800 JavaThread "Cache worker for file hash cache (C:\Users\user\AndroidStudioProjects\Whatsapp\.gradle\7.3.3\fileHashes)" [_thread_blocked, id=20360, stack(0x0000007dcb800000,0x0000007dcb900000)]
  0x0000026d3169d000 JavaThread "File watcher server" daemon [_thread_in_native, id=11908, stack(0x0000007dcba00000,0x0000007dcbb00000)]
  0x0000026d3169f000 JavaThread "File watcher consumer" daemon [_thread_blocked, id=11936, stack(0x0000007dcbb00000,0x0000007dcbc00000)]
  0x0000026d3169e000 JavaThread "Cache worker for checksums cache (C:\Users\user\AndroidStudioProjects\Whatsapp\.gradle\7.3.3\checksums)" [_thread_blocked, id=27608, stack(0x0000007dcbc00000,0x0000007dcbd00000)]
  0x0000026d31699000 JavaThread "Cache worker for cache directory md-supplier (C:\Users\user\.gradle\caches\7.3.3\md-supplier)" [_thread_blocked, id=2492, stack(0x0000007dcbd00000,0x0000007dcbe00000)]
  0x0000026d316a3000 JavaThread "Cache worker for cache directory md-rule (C:\Users\user\.gradle\caches\7.3.3\md-rule)" [_thread_blocked, id=27316, stack(0x0000007dcbe00000,0x0000007dcbf00000)]
  0x0000026d316a1800 JavaThread "Cache worker for execution history cache (C:\Users\user\.gradle\caches\7.3.3\executionHistory)" [_thread_blocked, id=18132, stack(0x0000007dcbf00000,0x0000007dcc000000)]
  0x0000026d316a4800 JavaThread "jar transforms" [_thread_blocked, id=28740, stack(0x0000007dcb900000,0x0000007dcba00000)]
  0x0000026d316a3800 JavaThread "Cache worker for file content cache (C:\Users\user\.gradle\caches\7.3.3\fileContent)" [_thread_blocked, id=19584, stack(0x0000007dcc000000,0x0000007dcc100000)]
  0x0000026d353af800 JavaThread "jar transforms Thread 2" [_thread_blocked, id=22192, stack(0x0000007dcc100000,0x0000007dcc200000)]
  0x0000026d353b6000 JavaThread "Cache worker for dependencies-accessors (C:\Users\user\AndroidStudioProjects\Whatsapp\.gradle\7.3.3\dependencies-accessors)" [_thread_blocked, id=21892, stack(0x0000007dcb700000,0x0000007dcb800000)]
  0x0000026d353b2000 JavaThread "jar transforms Thread 3" [_thread_blocked, id=10124, stack(0x0000007dcc200000,0x0000007dcc300000)]
  0x0000026d353b0800 JavaThread "Cache worker for Build Output Cleanup Cache (C:\Users\user\AndroidStudioProjects\Whatsapp\.gradle\buildOutputCleanup)" [_thread_blocked, id=21584, stack(0x0000007dcc300000,0x0000007dcc400000)]
  0x0000026d353b4800 JavaThread "Unconstrained build operations" [_thread_blocked, id=18792, stack(0x0000007dcc400000,0x0000007dcc500000)]
  0x0000026d353b8000 JavaThread "Unconstrained build operations Thread 2" [_thread_blocked, id=17976, stack(0x0000007dcc500000,0x0000007dcc600000)]
  0x0000026d353b4000 JavaThread "Unconstrained build operations Thread 3" [_thread_blocked, id=25136, stack(0x0000007dcc600000,0x0000007dcc700000)]
  0x0000026d353b8800 JavaThread "Unconstrained build operations Thread 4" [_thread_blocked, id=16000, stack(0x0000007dcc700000,0x0000007dcc800000)]
  0x0000026d353b3000 JavaThread "Unconstrained build operations Thread 5" [_thread_blocked, id=19312, stack(0x0000007dcc800000,0x0000007dcc900000)]
  0x0000026d353bb000 JavaThread "Unconstrained build operations Thread 6" [_thread_blocked, id=14848, stack(0x0000007dcc900000,0x0000007dcca00000)]
  0x0000026d353b9800 JavaThread "Unconstrained build operations Thread 7" [_thread_blocked, id=2700, stack(0x0000007dcca00000,0x0000007dccb00000)]
  0x0000026d353b5800 JavaThread "Unconstrained build operations Thread 8" [_thread_blocked, id=24544, stack(0x0000007dccb00000,0x0000007dccc00000)]
  0x0000026d353ba800 JavaThread "Unconstrained build operations Thread 9" [_thread_blocked, id=9656, stack(0x0000007dccc00000,0x0000007dccd00000)]
  0x0000026d353bc000 JavaThread "Unconstrained build operations Thread 10" [_thread_blocked, id=19844, stack(0x0000007dccd00000,0x0000007dcce00000)]
  0x0000026d353bd000 JavaThread "Unconstrained build operations Thread 11" [_thread_blocked, id=5860, stack(0x0000007dcce00000,0x0000007dccf00000)]
  0x0000026d353b7000 JavaThread "Unconstrained build operations Thread 12" [_thread_blocked, id=8180, stack(0x0000007dccf00000,0x0000007dcd000000)]
  0x0000026d353bd800 JavaThread "Unconstrained build operations Thread 13" [_thread_blocked, id=6692, stack(0x0000007dcd000000,0x0000007dcd100000)]
  0x0000026d3169f800 JavaThread "Unconstrained build operations Thread 14" [_thread_blocked, id=11480, stack(0x0000007dcd100000,0x0000007dcd200000)]
  0x0000026d2ffcf800 JavaThread "Unconstrained build operations Thread 15" [_thread_blocked, id=9744, stack(0x0000007dcd200000,0x0000007dcd300000)]
  0x0000026d2ffd0800 JavaThread "Unconstrained build operations Thread 16" [_thread_blocked, id=13232, stack(0x0000007dcd300000,0x0000007dcd400000)]
  0x0000026d2ffd1000 JavaThread "Unconstrained build operations Thread 17" [_thread_blocked, id=29564, stack(0x0000007dcd400000,0x0000007dcd500000)]
  0x0000026d2ffcd000 JavaThread "Unconstrained build operations Thread 18" [_thread_blocked, id=19464, stack(0x0000007dcd500000,0x0000007dcd600000)]
  0x0000026d2ffce000 JavaThread "Unconstrained build operations Thread 19" [_thread_blocked, id=13004, stack(0x0000007dcd600000,0x0000007dcd700000)]
  0x0000026d2ffce800 JavaThread "Unconstrained build operations Thread 20" [_thread_blocked, id=23924, stack(0x0000007dcd700000,0x0000007dcd800000)]
  0x0000026d2ffcb800 JavaThread "Unconstrained build operations Thread 21" [_thread_blocked, id=13948, stack(0x0000007dcd800000,0x0000007dcd900000)]
  0x0000026d2ffd2000 JavaThread "Unconstrained build operations Thread 22" [_thread_blocked, id=29356, stack(0x0000007dcd900000,0x0000007dcda00000)]
  0x0000026d2ffcc000 JavaThread "Unconstrained build operations Thread 23" [_thread_blocked, id=26716, stack(0x0000007dcda00000,0x0000007dcdb00000)]
  0x0000026d2ffd3000 JavaThread "Unconstrained build operations Thread 24" [_thread_blocked, id=29116, stack(0x0000007dcdb00000,0x0000007dcdc00000)]
  0x0000026d2ffd5000 JavaThread "Unconstrained build operations Thread 25" [_thread_blocked, id=20044, stack(0x0000007dcdc00000,0x0000007dcdd00000)]
  0x0000026d2ffd6000 JavaThread "Unconstrained build operations Thread 26" [_thread_blocked, id=5504, stack(0x0000007dcdd00000,0x0000007dcde00000)]
  0x0000026d2ffd3800 JavaThread "Unconstrained build operations Thread 27" [_thread_blocked, id=26060, stack(0x0000007dcde00000,0x0000007dcdf00000)]
  0x0000026d2ffd7000 JavaThread "Unconstrained build operations Thread 28" [_thread_blocked, id=13180, stack(0x0000007dcdf00000,0x0000007dce000000)]
  0x0000026d2ffd7800 JavaThread "Unconstrained build operations Thread 29" [_thread_blocked, id=27384, stack(0x0000007dce000000,0x0000007dce100000)]
  0x0000026d2ffd8800 JavaThread "Unconstrained build operations Thread 30" [_thread_blocked, id=28196, stack(0x0000007dce100000,0x0000007dce200000)]
  0x0000026d2ffd9800 JavaThread "Unconstrained build operations Thread 31" [_thread_blocked, id=17552, stack(0x0000007dce200000,0x0000007dce300000)]
  0x0000026d2ffda000 JavaThread "Unconstrained build operations Thread 32" [_thread_blocked, id=6748, stack(0x0000007dce300000,0x0000007dce400000)]
  0x0000026d2ffd4800 JavaThread "Unconstrained build operations Thread 33" [_thread_blocked, id=13192, stack(0x0000007dce400000,0x0000007dce500000)]
  0x0000026d32e8d800 JavaThread "Unconstrained build operations Thread 34" [_thread_blocked, id=10876, stack(0x0000007dce500000,0x0000007dce600000)]
  0x0000026d32e93000 JavaThread "Unconstrained build operations Thread 35" [_thread_blocked, id=5132, stack(0x0000007dce600000,0x0000007dce700000)]
  0x0000026d32e90000 JavaThread "Unconstrained build operations Thread 36" [_thread_blocked, id=21172, stack(0x0000007dce700000,0x0000007dce800000)]
  0x0000026d32e94000 JavaThread "Unconstrained build operations Thread 37" [_thread_blocked, id=2120, stack(0x0000007dce800000,0x0000007dce900000)]
  0x0000026d32e8f000 JavaThread "Unconstrained build operations Thread 38" [_thread_blocked, id=26916, stack(0x0000007dce900000,0x0000007dcea00000)]
  0x0000026d32e92000 JavaThread "Unconstrained build operations Thread 39" [_thread_blocked, id=28604, stack(0x0000007dcea00000,0x0000007dceb00000)]
  0x0000026d32e8e000 JavaThread "Unconstrained build operations Thread 40" [_thread_blocked, id=16848, stack(0x0000007dceb00000,0x0000007dcec00000)]
  0x0000026d32e94800 JavaThread "Unconstrained build operations Thread 41" [_thread_blocked, id=1836, stack(0x0000007dcec00000,0x0000007dced00000)]
  0x0000026d32e95800 JavaThread "Unconstrained build operations Thread 42" [_thread_blocked, id=9192, stack(0x0000007dced00000,0x0000007dcee00000)]
  0x0000026d32e96800 JavaThread "Unconstrained build operations Thread 43" [_thread_blocked, id=6508, stack(0x0000007dcee00000,0x0000007dcef00000)]
  0x0000026d32e90800 JavaThread "Unconstrained build operations Thread 44" [_thread_blocked, id=4944, stack(0x0000007dcef00000,0x0000007dcf000000)]
  0x0000026d32e97000 JavaThread "Unconstrained build operations Thread 45" [_thread_blocked, id=22888, stack(0x0000007dcf000000,0x0000007dcf100000)]
  0x0000026d32e91800 JavaThread "Unconstrained build operations Thread 46" [_thread_blocked, id=16660, stack(0x0000007dcf100000,0x0000007dcf200000)]
  0x0000026d32e99800 JavaThread "Unconstrained build operations Thread 47" [_thread_blocked, id=18832, stack(0x0000007dcf200000,0x0000007dcf300000)]
  0x0000026d32e98000 JavaThread "Unconstrained build operations Thread 48" [_thread_blocked, id=26800, stack(0x0000007dcf300000,0x0000007dcf400000)]
  0x0000026d32e99000 JavaThread "Unconstrained build operations Thread 49" [_thread_blocked, id=29332, stack(0x0000007dcf400000,0x0000007dcf500000)]
  0x0000026d32e9c000 JavaThread "Unconstrained build operations Thread 50" [_thread_blocked, id=28896, stack(0x0000007dcf500000,0x0000007dcf600000)]
  0x0000026d32e9a800 JavaThread "Unconstrained build operations Thread 51" [_thread_blocked, id=19968, stack(0x0000007dcf600000,0x0000007dcf700000)]
  0x0000026d32e9b000 JavaThread "Unconstrained build operations Thread 52" [_thread_blocked, id=2144, stack(0x0000007dcf700000,0x0000007dcf800000)]
  0x0000026d32c79800 JavaThread "Unconstrained build operations Thread 53" [_thread_blocked, id=20760, stack(0x0000007dcf800000,0x0000007dcf900000)]
  0x0000026d32c77000 JavaThread "Unconstrained build operations Thread 54" [_thread_blocked, id=20684, stack(0x0000007dcf900000,0x0000007dcfa00000)]
  0x0000026d32c78000 JavaThread "Unconstrained build operations Thread 55" [_thread_blocked, id=24980, stack(0x0000007dcfa00000,0x0000007dcfb00000)]
  0x0000026d32c78800 JavaThread "Unconstrained build operations Thread 56" [_thread_blocked, id=3704, stack(0x0000007dcfb00000,0x0000007dcfc00000)]
  0x0000026d32c7a800 JavaThread "Unconstrained build operations Thread 57" [_thread_blocked, id=24328, stack(0x0000007dcfc00000,0x0000007dcfd00000)]
  0x0000026d32c7b000 JavaThread "Unconstrained build operations Thread 58" [_thread_blocked, id=12068, stack(0x0000007dcfd00000,0x0000007dcfe00000)]
  0x0000026d32c7c000 JavaThread "Unconstrained build operations Thread 59" [_thread_blocked, id=23256, stack(0x0000007dcfe00000,0x0000007dcff00000)]
  0x0000026d32c76800 JavaThread "Unconstrained build operations Thread 60" [_thread_blocked, id=14072, stack(0x0000007dcff00000,0x0000007dd0000000)]
  0x0000026d32c7d000 JavaThread "Unconstrained build operations Thread 61" [_thread_blocked, id=17868, stack(0x0000007dd0000000,0x0000007dd0100000)]
  0x0000026d32c80000 JavaThread "Unconstrained build operations Thread 62" [_thread_blocked, id=29560, stack(0x0000007dd0100000,0x0000007dd0200000)]
  0x0000026d32c81000 JavaThread "Unconstrained build operations Thread 63" [_thread_blocked, id=29700, stack(0x0000007dd0200000,0x0000007dd0300000)]
  0x0000026d32c81800 JavaThread "Unconstrained build operations Thread 64" [_thread_blocked, id=26284, stack(0x0000007dd0300000,0x0000007dd0400000)]
  0x0000026d32c7e800 JavaThread "Unconstrained build operations Thread 65" [_thread_blocked, id=20072, stack(0x0000007dd0400000,0x0000007dd0500000)]
  0x0000026d32c82800 JavaThread "Unconstrained build operations Thread 66" [_thread_blocked, id=5808, stack(0x0000007dd0500000,0x0000007dd0600000)]
  0x0000026d32c83800 JavaThread "Unconstrained build operations Thread 67" [_thread_blocked, id=9408, stack(0x0000007dd0600000,0x0000007dd0700000)]
  0x0000026d32c7d800 JavaThread "Unconstrained build operations Thread 68" [_thread_blocked, id=29420, stack(0x0000007dd0700000,0x0000007dd0800000)]
  0x0000026d32c84000 JavaThread "Unconstrained build operations Thread 69" [_thread_blocked, id=12088, stack(0x0000007dd0800000,0x0000007dd0900000)]
  0x0000026d32c85000 JavaThread "Unconstrained build operations Thread 70" [_thread_blocked, id=21740, stack(0x0000007dd0900000,0x0000007dd0a00000)]
  0x0000026d32c7f800 JavaThread "Unconstrained build operations Thread 71" [_thread_blocked, id=19308, stack(0x0000007dd0a00000,0x0000007dd0b00000)]
  0x0000026d31f0f800 JavaThread "Unconstrained build operations Thread 72" [_thread_blocked, id=4444, stack(0x0000007dd0b00000,0x0000007dd0c00000)]
  0x0000026d31f0e800 JavaThread "Unconstrained build operations Thread 73" [_thread_blocked, id=23652, stack(0x0000007dd0c00000,0x0000007dd0d00000)]
  0x0000026d31f11000 JavaThread "Unconstrained build operations Thread 74" [_thread_blocked, id=25280, stack(0x0000007dd0d00000,0x0000007dd0e00000)]
  0x0000026d31f10800 JavaThread "Unconstrained build operations Thread 75" [_thread_blocked, id=9880, stack(0x0000007dd0e00000,0x0000007dd0f00000)]
  0x0000026d31f0d000 JavaThread "Unconstrained build operations Thread 76" [_thread_blocked, id=24224, stack(0x0000007dd0f00000,0x0000007dd1000000)]
  0x0000026d31f0c000 JavaThread "Unconstrained build operations Thread 77" [_thread_blocked, id=10620, stack(0x0000007dd1000000,0x0000007dd1100000)]
  0x0000026d31f12000 JavaThread "Unconstrained build operations Thread 78" [_thread_blocked, id=21932, stack(0x0000007dd1100000,0x0000007dd1200000)]
  0x0000026d31f13000 JavaThread "Unconstrained build operations Thread 79" [_thread_blocked, id=19380, stack(0x0000007dd1200000,0x0000007dd1300000)]
  0x0000026d31f13800 JavaThread "Unconstrained build operations Thread 80" [_thread_blocked, id=21632, stack(0x0000007dd1300000,0x0000007dd1400000)]
  0x0000026d31f0e000 JavaThread "jar transforms Thread 4" [_thread_blocked, id=29820, stack(0x0000007dd1400000,0x0000007dd1500000)]
  0x0000026d31f18800 JavaThread "jar transforms Thread 5" [_thread_blocked, id=4596, stack(0x0000007dd1500000,0x0000007dd1600000)]
  0x0000026d31f17800 JavaThread "jar transforms Thread 6" [_thread_blocked, id=18868, stack(0x0000007dd1600000,0x0000007dd1700000)]
  0x0000026d31f17000 JavaThread "jar transforms Thread 7" [_thread_blocked, id=3268, stack(0x0000007dd1700000,0x0000007dd1800000)]
  0x0000026d31f19800 JavaThread "jar transforms Thread 8" [_thread_blocked, id=6580, stack(0x0000007dd1800000,0x0000007dd1900000)]
  0x0000026d31f1a000 JavaThread "Memory manager" [_thread_blocked, id=8672, stack(0x0000007dd1900000,0x0000007dd1a00000)]

Other Threads:
  0x0000026d2f72a800 VMThread "VM Thread" [stack: 0x0000007dc9700000,0x0000007dc9800000] [id=10896]
  0x0000026d2f92a800 WatcherThread [stack: 0x0000007dca100000,0x0000007dca200000] [id=22076]
  0x0000026d14317000 GCTaskThread "GC Thread#0" [stack: 0x0000007dc9200000,0x0000007dc9300000] [id=4068]
  0x0000026d30cc5800 GCTaskThread "GC Thread#1" [stack: 0x0000007dca300000,0x0000007dca400000] [id=29768]
  0x0000026d2ff8a800 GCTaskThread "GC Thread#2" [stack: 0x0000007dca400000,0x0000007dca500000] [id=16096]
  0x0000026d302c4800 GCTaskThread "GC Thread#3" [stack: 0x0000007dca500000,0x0000007dca600000] [id=19484]
  0x0000026d306f5800 GCTaskThread "GC Thread#4" [stack: 0x0000007dca600000,0x0000007dca700000] [id=21380]
  0x0000026d30e4d000 GCTaskThread "GC Thread#5" [stack: 0x0000007dca700000,0x0000007dca800000] [id=24596]
  0x0000026d30d7a000 GCTaskThread "GC Thread#6" [stack: 0x0000007dcb400000,0x0000007dcb500000] [id=11304]
  0x0000026d3126b800 GCTaskThread "GC Thread#7" [stack: 0x0000007dcb500000,0x0000007dcb600000] [id=15692]
  0x0000026d14347000 ConcurrentGCThread "G1 Main Marker" [stack: 0x0000007dc9300000,0x0000007dc9400000] [id=28532]
  0x0000026d14348800 ConcurrentGCThread "G1 Conc#0" [stack: 0x0000007dc9400000,0x0000007dc9500000] [id=1252]
  0x0000026d2ff18000 ConcurrentGCThread "G1 Conc#1" [stack: 0x0000007dcb600000,0x0000007dcb700000] [id=22332]
  0x0000026d143de800 ConcurrentGCThread "G1 Refine#0" [stack: 0x0000007dc9500000,0x0000007dc9600000] [id=15236]
  0x0000026d2ed76800 ConcurrentGCThread "G1 Young RemSet Sampling" [stack: 0x0000007dc9600000,0x0000007dc9700000] [id=23636]

Threads with active compile tasks:
C2 CompilerThread0  14112 6241       4       org.gradle.internal.reflect.MethodSet::add (50 bytes)
C1 CompilerThread0  14112 6328       3       com.google.gson.stream.JsonReader$1::promoteNameToValue (112 bytes)

VM state:not at safepoint (normal execution)

VM Mutex/Monitor currently owned by a thread: None

Heap address: 0x0000000080000000, size: 2048 MB, Compressed Oops mode: 32-bit
Narrow klass base: 0x0000000000000000, Narrow klass shift: 3
Compressed class space size: 1073741824 Address: 0x0000000100000000

Heap:
 garbage-first heap   total 258048K, used 110201K [0x0000000080000000, 0x0000000100000000)
  region size 1024K, 66 young (67584K), 3 survivors (3072K)
 Metaspace       used 64672K, capacity 66167K, committed 66348K, reserved 1107968K
  class space    used 8231K, capacity 8803K, committed 8832K, reserved 1048576K
Heap Regions: E=young(eden), S=young(survivor), O=old, HS=humongous(starts), HC=humongous(continues), CS=collection set, F=free, A=archive, TAMS=top-at-mark-start (previous, next)
|   0|0x0000000080000000, 0x0000000080100000, 0x0000000080100000|100%| O|  |TAMS 0x0000000080100000, 0x0000000080000000| Untracked 
|   1|0x0000000080100000, 0x0000000080200000, 0x0000000080200000|100%| O|  |TAMS 0x0000000080200000, 0x0000000080100000| Untracked 
|   2|0x0000000080200000, 0x0000000080300000, 0x0000000080300000|100%| O|  |TAMS 0x0000000080300000, 0x0000000080200000| Untracked 
|   3|0x0000000080300000, 0x0000000080400000, 0x0000000080400000|100%|HS|  |TAMS 0x0000000080400000, 0x0000000080300000| Complete 
|   4|0x0000000080400000, 0x0000000080500000, 0x0000000080500000|100%|HC|  |TAMS 0x0000000080500000, 0x0000000080400000| Complete 
|   5|0x0000000080500000, 0x0000000080600000, 0x0000000080600000|100%|HC|  |TAMS 0x0000000080600000, 0x0000000080500000| Complete 
|   6|0x0000000080600000, 0x0000000080700000, 0x0000000080700000|100%| O|  |TAMS 0x0000000080700000, 0x0000000080600000| Untracked 
|   7|0x0000000080700000, 0x0000000080800000, 0x0000000080800000|100%| O|  |TAMS 0x0000000080800000, 0x0000000080700000| Untracked 
|   8|0x0000000080800000, 0x0000000080900000, 0x0000000080900000|100%| O|  |TAMS 0x0000000080900000, 0x0000000080800000| Untracked 
|   9|0x0000000080900000, 0x0000000080a00000, 0x0000000080a00000|100%| O|  |TAMS 0x0000000080a00000, 0x0000000080900000| Untracked 
|  10|0x0000000080a00000, 0x0000000080b00000, 0x0000000080b00000|100%| O|  |TAMS 0x0000000080b00000, 0x0000000080a00000| Untracked 
|  11|0x0000000080b00000, 0x0000000080c00000, 0x0000000080c00000|100%| O|  |TAMS 0x0000000080c00000, 0x0000000080b00000| Untracked 
|  12|0x0000000080c00000, 0x0000000080d00000, 0x0000000080d00000|100%| O|  |TAMS 0x0000000080d00000, 0x0000000080c00000| Untracked 
|  13|0x0000000080d00000, 0x0000000080e00000, 0x0000000080e00000|100%| O|  |TAMS 0x0000000080e00000, 0x0000000080d00000| Untracked 
|  14|0x0000000080e00000, 0x0000000080f00000, 0x0000000080f00000|100%| O|  |TAMS 0x0000000080f00000, 0x0000000080e00000| Untracked 
|  15|0x0000000080f00000, 0x0000000081000000, 0x0000000081000000|100%| O|  |TAMS 0x0000000081000000, 0x0000000080f00000| Untracked 
|  16|0x0000000081000000, 0x0000000081100000, 0x0000000081100000|100%| O|  |TAMS 0x0000000081100000, 0x0000000081000000| Untracked 
|  17|0x0000000081100000, 0x0000000081200000, 0x0000000081200000|100%| O|  |TAMS 0x0000000081200000, 0x0000000081100000| Untracked 
|  18|0x0000000081200000, 0x0000000081300000, 0x0000000081300000|100%|HS|  |TAMS 0x0000000081300000, 0x0000000081200000| Complete 
|  19|0x0000000081300000, 0x0000000081400000, 0x0000000081400000|100%|HS|  |TAMS 0x0000000081400000, 0x0000000081300000| Complete 
|  20|0x0000000081400000, 0x0000000081500000, 0x0000000081500000|100%|HS|  |TAMS 0x0000000081500000, 0x0000000081400000| Complete 
|  21|0x0000000081500000, 0x0000000081600000, 0x0000000081600000|100%|HC|  |TAMS 0x0000000081600000, 0x0000000081500000| Complete 
|  22|0x0000000081600000, 0x0000000081700000, 0x0000000081700000|100%| O|  |TAMS 0x0000000081700000, 0x0000000081600000| Untracked 
|  23|0x0000000081700000, 0x0000000081800000, 0x0000000081800000|100%| O|  |TAMS 0x0000000081800000, 0x0000000081700000| Untracked 
|  24|0x0000000081800000, 0x0000000081900000, 0x0000000081900000|100%| O|  |TAMS 0x0000000081900000, 0x0000000081800000| Untracked 
|  25|0x0000000081900000, 0x0000000081a00000, 0x0000000081a00000|100%| O|  |TAMS 0x0000000081a00000, 0x0000000081900000| Untracked 
|  26|0x0000000081a00000, 0x0000000081b00000, 0x0000000081b00000|100%| O|  |TAMS 0x0000000081b00000, 0x0000000081a00000| Untracked 
|  27|0x0000000081b00000, 0x0000000081c00000, 0x0000000081c00000|100%| O|  |TAMS 0x0000000081c00000, 0x0000000081b00000| Untracked 
|  28|0x0000000081c00000, 0x0000000081d00000, 0x0000000081d00000|100%| O|  |TAMS 0x0000000081d00000, 0x0000000081c00000| Untracked 
|  29|0x0000000081d00000, 0x0000000081e00000, 0x0000000081e00000|100%| O|  |TAMS 0x0000000081e00000, 0x0000000081d00000| Untracked 
|  30|0x0000000081e00000, 0x0000000081f00000, 0x0000000081f00000|100%| O|  |TAMS 0x0000000081f00000, 0x0000000081e00000| Untracked 
|  31|0x0000000081f00000, 0x0000000082000000, 0x0000000082000000|100%| O|  |TAMS 0x0000000082000000, 0x0000000081f00000| Untracked 
|  32|0x0000000082000000, 0x0000000082100000, 0x0000000082100000|100%| O|  |TAMS 0x0000000082100000, 0x0000000082000000| Untracked 
|  33|0x0000000082100000, 0x0000000082200000, 0x0000000082200000|100%| O|  |TAMS 0x0000000082200000, 0x0000000082100000| Untracked 
|  34|0x0000000082200000, 0x0000000082300000, 0x0000000082300000|100%| O|  |TAMS 0x0000000082300000, 0x0000000082200000| Untracked 
|  35|0x0000000082300000, 0x0000000082400000, 0x0000000082400000|100%| O|  |TAMS 0x0000000082400000, 0x0000000082300000| Untracked 
|  36|0x0000000082400000, 0x0000000082500000, 0x0000000082500000|100%| O|  |TAMS 0x0000000082500000, 0x0000000082400000| Untracked 
|  37|0x0000000082500000, 0x0000000082600000, 0x0000000082600000|100%| O|  |TAMS 0x0000000082600000, 0x0000000082500000| Untracked 
|  38|0x0000000082600000, 0x0000000082700000, 0x0000000082700000|100%| O|  |TAMS 0x0000000082700000, 0x0000000082600000| Untracked 
|  39|0x0000000082700000, 0x0000000082800000, 0x0000000082800000|100%| O|  |TAMS 0x0000000082800000, 0x0000000082700000| Untracked 
|  40|0x0000000082800000, 0x0000000082900000, 0x0000000082900000|100%| O|  |TAMS 0x0000000082900000, 0x0000000082800000| Untracked 
|  41|0x0000000082900000, 0x0000000082a00000, 0x0000000082a00000|100%| O|  |TAMS 0x0000000082a00000, 0x0000000082900000| Untracked 
|  42|0x0000000082a00000, 0x0000000082a9e400, 0x0000000082b00000| 61%| O|  |TAMS 0x0000000082a9e400, 0x0000000082a00000| Untracked 
|  43|0x0000000082b00000, 0x0000000082c00000, 0x0000000082c00000|100%|HS|  |TAMS 0x0000000082b00000, 0x0000000082b00000| Complete 
|  44|0x0000000082c00000, 0x0000000082c00000, 0x0000000082d00000|  0%| F|  |TAMS 0x0000000082c00000, 0x0000000082c00000| Untracked 
|  45|0x0000000082d00000, 0x0000000082d00000, 0x0000000082e00000|  0%| F|  |TAMS 0x0000000082d00000, 0x0000000082d00000| Untracked 
|  46|0x0000000082e00000, 0x0000000082e00000, 0x0000000082f00000|  0%| F|  |TAMS 0x0000000082e00000, 0x0000000082e00000| Untracked 
|  47|0x0000000082f00000, 0x0000000082f00000, 0x0000000083000000|  0%| F|  |TAMS 0x0000000082f00000, 0x0000000082f00000| Untracked 
|  48|0x0000000083000000, 0x0000000083000000, 0x0000000083100000|  0%| F|  |TAMS 0x0000000083000000, 0x0000000083000000| Untracked 
|  49|0x0000000083100000, 0x0000000083100000, 0x0000000083200000|  0%| F|  |TAMS 0x0000000083100000, 0x0000000083100000| Untracked 
|  50|0x0000000083200000, 0x0000000083200000, 0x0000000083300000|  0%| F|  |TAMS 0x0000000083200000, 0x0000000083200000| Untracked 
|  51|0x0000000083300000, 0x0000000083300000, 0x0000000083400000|  0%| F|  |TAMS 0x0000000083300000, 0x0000000083300000| Untracked 
|  52|0x0000000083400000, 0x0000000083400000, 0x0000000083500000|  0%| F|  |TAMS 0x0000000083400000, 0x0000000083400000| Untracked 
|  53|0x0000000083500000, 0x0000000083500000, 0x0000000083600000|  0%| F|  |TAMS 0x0000000083500000, 0x0000000083500000| Untracked 
|  54|0x0000000083600000, 0x0000000083600000, 0x0000000083700000|  0%| F|  |TAMS 0x0000000083600000, 0x0000000083600000| Untracked 
|  55|0x0000000083700000, 0x0000000083700000, 0x0000000083800000|  0%| F|  |TAMS 0x0000000083700000, 0x0000000083700000| Untracked 
|  56|0x0000000083800000, 0x0000000083800000, 0x0000000083900000|  0%| F|  |TAMS 0x0000000083800000, 0x0000000083800000| Untracked 
|  57|0x0000000083900000, 0x0000000083900000, 0x0000000083a00000|  0%| F|  |TAMS 0x0000000083900000, 0x0000000083900000| Untracked 
|  58|0x0000000083a00000, 0x0000000083a00000, 0x0000000083b00000|  0%| F|  |TAMS 0x0000000083a00000, 0x0000000083a00000| Untracked 
|  59|0x0000000083b00000, 0x0000000083b00000, 0x0000000083c00000|  0%| F|  |TAMS 0x0000000083b00000, 0x0000000083b00000| Untracked 
|  60|0x0000000083c00000, 0x0000000083c00000, 0x0000000083d00000|  0%| F|  |TAMS 0x0000000083c00000, 0x0000000083c00000| Untracked 
|  61|0x0000000083d00000, 0x0000000083d00000, 0x0000000083e00000|  0%| F|  |TAMS 0x0000000083d00000, 0x0000000083d00000| Untracked 
|  62|0x0000000083e00000, 0x0000000083e00000, 0x0000000083f00000|  0%| F|  |TAMS 0x0000000083e00000, 0x0000000083e00000| Untracked 
|  63|0x0000000083f00000, 0x0000000083f00000, 0x0000000084000000|  0%| F|  |TAMS 0x0000000083f00000, 0x0000000083f00000| Untracked 
|  64|0x0000000084000000, 0x0000000084000000, 0x0000000084100000|  0%| F|  |TAMS 0x0000000084000000, 0x0000000084000000| Untracked 
|  65|0x0000000084100000, 0x0000000084100000, 0x0000000084200000|  0%| F|  |TAMS 0x0000000084100000, 0x0000000084100000| Untracked 
|  66|0x0000000084200000, 0x0000000084200000, 0x0000000084300000|  0%| F|  |TAMS 0x0000000084200000, 0x0000000084200000| Untracked 
|  67|0x0000000084300000, 0x0000000084300000, 0x0000000084400000|  0%| F|  |TAMS 0x0000000084300000, 0x0000000084300000| Untracked 
|  68|0x0000000084400000, 0x0000000084400000, 0x0000000084500000|  0%| F|  |TAMS 0x0000000084400000, 0x0000000084400000| Untracked 
|  69|0x0000000084500000, 0x0000000084500000, 0x0000000084600000|  0%| F|  |TAMS 0x0000000084500000, 0x0000000084500000| Untracked 
|  70|0x0000000084600000, 0x0000000084600000, 0x0000000084700000|  0%| F|  |TAMS 0x0000000084600000, 0x0000000084600000| Untracked 
|  71|0x0000000084700000, 0x0000000084700000, 0x0000000084800000|  0%| F|  |TAMS 0x0000000084700000, 0x0000000084700000| Untracked 
|  72|0x0000000084800000, 0x0000000084800000, 0x0000000084900000|  0%| F|  |TAMS 0x0000000084800000, 0x0000000084800000| Untracked 
|  73|0x0000000084900000, 0x0000000084900000, 0x0000000084a00000|  0%| F|  |TAMS 0x0000000084900000, 0x0000000084900000| Untracked 
|  74|0x0000000084a00000, 0x0000000084a00000, 0x0000000084b00000|  0%| F|  |TAMS 0x0000000084a00000, 0x0000000084a00000| Untracked 
|  75|0x0000000084b00000, 0x0000000084b00000, 0x0000000084c00000|  0%| F|  |TAMS 0x0000000084b00000, 0x0000000084b00000| Untracked 
|  76|0x0000000084c00000, 0x0000000084c00000, 0x0000000084d00000|  0%| F|  |TAMS 0x0000000084c00000, 0x0000000084c00000| Untracked 
|  77|0x0000000084d00000, 0x0000000084d00000, 0x0000000084e00000|  0%| F|  |TAMS 0x0000000084d00000, 0x0000000084d00000| Untracked 
|  78|0x0000000084e00000, 0x0000000084e00000, 0x0000000084f00000|  0%| F|  |TAMS 0x0000000084e00000, 0x0000000084e00000| Untracked 
|  79|0x0000000084f00000, 0x0000000084f00000, 0x0000000085000000|  0%| F|  |TAMS 0x0000000084f00000, 0x0000000084f00000| Untracked 
|  80|0x0000000085000000, 0x0000000085000000, 0x0000000085100000|  0%| F|  |TAMS 0x0000000085000000, 0x0000000085000000| Untracked 
|  81|0x0000000085100000, 0x0000000085100000, 0x0000000085200000|  0%| F|  |TAMS 0x0000000085100000, 0x0000000085100000| Untracked 
|  82|0x0000000085200000, 0x0000000085200000, 0x0000000085300000|  0%| F|  |TAMS 0x0000000085200000, 0x0000000085200000| Untracked 
|  83|0x0000000085300000, 0x0000000085300000, 0x0000000085400000|  0%| F|  |TAMS 0x0000000085300000, 0x0000000085300000| Untracked 
|  84|0x0000000085400000, 0x0000000085400000, 0x0000000085500000|  0%| F|  |TAMS 0x0000000085400000, 0x0000000085400000| Untracked 
|  85|0x0000000085500000, 0x0000000085500000, 0x0000000085600000|  0%| F|  |TAMS 0x0000000085500000, 0x0000000085500000| Untracked 
|  86|0x0000000085600000, 0x0000000085600000, 0x0000000085700000|  0%| F|  |TAMS 0x0000000085600000, 0x0000000085600000| Untracked 
|  87|0x0000000085700000, 0x0000000085700000, 0x0000000085800000|  0%| F|  |TAMS 0x0000000085700000, 0x0000000085700000| Untracked 
|  88|0x0000000085800000, 0x0000000085800000, 0x0000000085900000|  0%| F|  |TAMS 0x0000000085800000, 0x0000000085800000| Untracked 
|  89|0x0000000085900000, 0x0000000085900000, 0x0000000085a00000|  0%| F|  |TAMS 0x0000000085900000, 0x0000000085900000| Untracked 
|  90|0x0000000085a00000, 0x0000000085a00000, 0x0000000085b00000|  0%| F|  |TAMS 0x0000000085a00000, 0x0000000085a00000| Untracked 
|  91|0x0000000085b00000, 0x0000000085b00000, 0x0000000085c00000|  0%| F|  |TAMS 0x0000000085b00000, 0x0000000085b00000| Untracked 
|  92|0x0000000085c00000, 0x0000000085c00000, 0x0000000085d00000|  0%| F|  |TAMS 0x0000000085c00000, 0x0000000085c00000| Untracked 
|  93|0x0000000085d00000, 0x0000000085d00000, 0x0000000085e00000|  0%| F|  |TAMS 0x0000000085d00000, 0x0000000085d00000| Untracked 
|  94|0x0000000085e00000, 0x0000000085e00000, 0x0000000085f00000|  0%| F|  |TAMS 0x0000000085e00000, 0x0000000085e00000| Untracked 
|  95|0x0000000085f00000, 0x0000000085f00000, 0x0000000086000000|  0%| F|  |TAMS 0x0000000085f00000, 0x0000000085f00000| Untracked 
|  96|0x0000000086000000, 0x0000000086000000, 0x0000000086100000|  0%| F|  |TAMS 0x0000000086000000, 0x0000000086000000| Untracked 
|  97|0x0000000086100000, 0x0000000086100000, 0x0000000086200000|  0%| F|  |TAMS 0x0000000086100000, 0x0000000086100000| Untracked 
|  98|0x0000000086200000, 0x0000000086200000, 0x0000000086300000|  0%| F|  |TAMS 0x0000000086200000, 0x0000000086200000| Untracked 
|  99|0x0000000086300000, 0x0000000086300000, 0x0000000086400000|  0%| F|  |TAMS 0x0000000086300000, 0x0000000086300000| Untracked 
| 100|0x0000000086400000, 0x0000000086400000, 0x0000000086500000|  0%| F|  |TAMS 0x0000000086400000, 0x0000000086400000| Untracked 
| 101|0x0000000086500000, 0x0000000086500000, 0x0000000086600000|  0%| F|  |TAMS 0x0000000086500000, 0x0000000086500000| Untracked 
| 102|0x0000000086600000, 0x0000000086600000, 0x0000000086700000|  0%| F|  |TAMS 0x0000000086600000, 0x0000000086600000| Untracked 
| 103|0x0000000086700000, 0x0000000086700000, 0x0000000086800000|  0%| F|  |TAMS 0x0000000086700000, 0x0000000086700000| Untracked 
| 104|0x0000000086800000, 0x0000000086800000, 0x0000000086900000|  0%| F|  |TAMS 0x0000000086800000, 0x0000000086800000| Untracked 
| 105|0x0000000086900000, 0x0000000086900000, 0x0000000086a00000|  0%| F|  |TAMS 0x0000000086900000, 0x0000000086900000| Untracked 
| 106|0x0000000086a00000, 0x0000000086a00000, 0x0000000086b00000|  0%| F|  |TAMS 0x0000000086a00000, 0x0000000086a00000| Untracked 
| 107|0x0000000086b00000, 0x0000000086b00000, 0x0000000086c00000|  0%| F|  |TAMS 0x0000000086b00000, 0x0000000086b00000| Untracked 
| 108|0x0000000086c00000, 0x0000000086c00000, 0x0000000086d00000|  0%| F|  |TAMS 0x0000000086c00000, 0x0000000086c00000| Untracked 
| 109|0x0000000086d00000, 0x0000000086d00000, 0x0000000086e00000|  0%| F|  |TAMS 0x0000000086d00000, 0x0000000086d00000| Untracked 
| 110|0x0000000086e00000, 0x0000000086e00000, 0x0000000086f00000|  0%| F|  |TAMS 0x0000000086e00000, 0x0000000086e00000| Untracked 
| 111|0x0000000086f00000, 0x0000000086f00000, 0x0000000087000000|  0%| F|  |TAMS 0x0000000086f00000, 0x0000000086f00000| Untracked 
| 112|0x0000000087000000, 0x0000000087000000, 0x0000000087100000|  0%| F|  |TAMS 0x0000000087000000, 0x0000000087000000| Untracked 
| 113|0x0000000087100000, 0x0000000087100000, 0x0000000087200000|  0%| F|  |TAMS 0x0000000087100000, 0x0000000087100000| Untracked 
| 114|0x0000000087200000, 0x0000000087200000, 0x0000000087300000|  0%| F|  |TAMS 0x0000000087200000, 0x0000000087200000| Untracked 
| 115|0x0000000087300000, 0x0000000087300000, 0x0000000087400000|  0%| F|  |TAMS 0x0000000087300000, 0x0000000087300000| Untracked 
| 116|0x0000000087400000, 0x0000000087400000, 0x0000000087500000|  0%| F|  |TAMS 0x0000000087400000, 0x0000000087400000| Untracked 
| 117|0x0000000087500000, 0x0000000087500000, 0x0000000087600000|  0%| F|  |TAMS 0x0000000087500000, 0x0000000087500000| Untracked 
| 118|0x0000000087600000, 0x0000000087600000, 0x0000000087700000|  0%| F|  |TAMS 0x0000000087600000, 0x0000000087600000| Untracked 
| 119|0x0000000087700000, 0x0000000087700000, 0x0000000087800000|  0%| F|  |TAMS 0x0000000087700000, 0x0000000087700000| Untracked 
| 120|0x0000000087800000, 0x0000000087800000, 0x0000000087900000|  0%| F|  |TAMS 0x0000000087800000, 0x0000000087800000| Untracked 
| 121|0x0000000087900000, 0x0000000087900000, 0x0000000087a00000|  0%| F|  |TAMS 0x0000000087900000, 0x0000000087900000| Untracked 
| 122|0x0000000087a00000, 0x0000000087a00000, 0x0000000087b00000|  0%| F|  |TAMS 0x0000000087a00000, 0x0000000087a00000| Untracked 
| 123|0x0000000087b00000, 0x0000000087b00000, 0x0000000087c00000|  0%| F|  |TAMS 0x0000000087b00000, 0x0000000087b00000| Untracked 
| 124|0x0000000087c00000, 0x0000000087c00000, 0x0000000087d00000|  0%| F|  |TAMS 0x0000000087c00000, 0x0000000087c00000| Untracked 
| 125|0x0000000087d00000, 0x0000000087d00000, 0x0000000087e00000|  0%| F|  |TAMS 0x0000000087d00000, 0x0000000087d00000| Untracked 
| 126|0x0000000087e00000, 0x0000000087e00000, 0x0000000087f00000|  0%| F|  |TAMS 0x0000000087e00000, 0x0000000087e00000| Untracked 
| 127|0x0000000087f00000, 0x0000000087f00000, 0x0000000088000000|  0%| F|  |TAMS 0x0000000087f00000, 0x0000000087f00000| Untracked 
| 128|0x0000000088000000, 0x0000000088000000, 0x0000000088100000|  0%| F|  |TAMS 0x0000000088000000, 0x0000000088000000| Untracked 
| 129|0x0000000088100000, 0x0000000088100000, 0x0000000088200000|  0%| F|  |TAMS 0x0000000088100000, 0x0000000088100000| Untracked 
| 130|0x0000000088200000, 0x0000000088200000, 0x0000000088300000|  0%| F|  |TAMS 0x0000000088200000, 0x0000000088200000| Untracked 
| 131|0x0000000088300000, 0x0000000088300000, 0x0000000088400000|  0%| F|  |TAMS 0x0000000088300000, 0x0000000088300000| Untracked 
| 132|0x0000000088400000, 0x0000000088400000, 0x0000000088500000|  0%| F|  |TAMS 0x0000000088400000, 0x0000000088400000| Untracked 
| 133|0x0000000088500000, 0x0000000088500000, 0x0000000088600000|  0%| F|  |TAMS 0x0000000088500000, 0x0000000088500000| Untracked 
| 134|0x0000000088600000, 0x0000000088600000, 0x0000000088700000|  0%| F|  |TAMS 0x0000000088600000, 0x0000000088600000| Untracked 
| 135|0x0000000088700000, 0x0000000088700000, 0x0000000088800000|  0%| F|  |TAMS 0x0000000088700000, 0x0000000088700000| Untracked 
| 136|0x0000000088800000, 0x0000000088800000, 0x0000000088900000|  0%| F|  |TAMS 0x0000000088800000, 0x0000000088800000| Untracked 
| 137|0x0000000088900000, 0x0000000088900000, 0x0000000088a00000|  0%| F|  |TAMS 0x0000000088900000, 0x0000000088900000| Untracked 
| 138|0x0000000088a00000, 0x0000000088a00000, 0x0000000088b00000|  0%| F|  |TAMS 0x0000000088a00000, 0x0000000088a00000| Untracked 
| 139|0x0000000088b00000, 0x0000000088b00000, 0x0000000088c00000|  0%| F|  |TAMS 0x0000000088b00000, 0x0000000088b00000| Untracked 
| 140|0x0000000088c00000, 0x0000000088c00000, 0x0000000088d00000|  0%| F|  |TAMS 0x0000000088c00000, 0x0000000088c00000| Untracked 
| 141|0x0000000088d00000, 0x0000000088d00000, 0x0000000088e00000|  0%| F|  |TAMS 0x0000000088d00000, 0x0000000088d00000| Untracked 
| 142|0x0000000088e00000, 0x0000000088e00000, 0x0000000088f00000|  0%| F|  |TAMS 0x0000000088e00000, 0x0000000088e00000| Untracked 
| 143|0x0000000088f00000, 0x0000000088f00000, 0x0000000089000000|  0%| F|  |TAMS 0x0000000088f00000, 0x0000000088f00000| Untracked 
| 144|0x0000000089000000, 0x0000000089000000, 0x0000000089100000|  0%| F|  |TAMS 0x0000000089000000, 0x0000000089000000| Untracked 
| 145|0x0000000089100000, 0x0000000089100000, 0x0000000089200000|  0%| F|  |TAMS 0x0000000089100000, 0x0000000089100000| Untracked 
| 146|0x0000000089200000, 0x0000000089200000, 0x0000000089300000|  0%| F|  |TAMS 0x0000000089200000, 0x0000000089200000| Untracked 
| 147|0x0000000089300000, 0x0000000089300000, 0x0000000089400000|  0%| F|  |TAMS 0x0000000089300000, 0x0000000089300000| Untracked 
| 148|0x0000000089400000, 0x0000000089400000, 0x0000000089500000|  0%| F|  |TAMS 0x0000000089400000, 0x0000000089400000| Untracked 
| 149|0x0000000089500000, 0x0000000089500000, 0x0000000089600000|  0%| F|  |TAMS 0x0000000089500000, 0x0000000089500000| Untracked 
| 150|0x0000000089600000, 0x0000000089600000, 0x0000000089700000|  0%| F|  |TAMS 0x0000000089600000, 0x0000000089600000| Untracked 
| 151|0x0000000089700000, 0x0000000089700000, 0x0000000089800000|  0%| F|  |TAMS 0x0000000089700000, 0x0000000089700000| Untracked 
| 152|0x0000000089800000, 0x0000000089800000, 0x0000000089900000|  0%| F|  |TAMS 0x0000000089800000, 0x0000000089800000| Untracked 
| 153|0x0000000089900000, 0x0000000089900000, 0x0000000089a00000|  0%| F|  |TAMS 0x0000000089900000, 0x0000000089900000| Untracked 
| 154|0x0000000089a00000, 0x0000000089a00000, 0x0000000089b00000|  0%| F|  |TAMS 0x0000000089a00000, 0x0000000089a00000| Untracked 
| 155|0x0000000089b00000, 0x0000000089b00000, 0x0000000089c00000|  0%| F|  |TAMS 0x0000000089b00000, 0x0000000089b00000| Untracked 
| 156|0x0000000089c00000, 0x0000000089c00000, 0x0000000089d00000|  0%| F|  |TAMS 0x0000000089c00000, 0x0000000089c00000| Untracked 
| 157|0x0000000089d00000, 0x0000000089d00000, 0x0000000089e00000|  0%| F|  |TAMS 0x0000000089d00000, 0x0000000089d00000| Untracked 
| 158|0x0000000089e00000, 0x0000000089e00000, 0x0000000089f00000|  0%| F|  |TAMS 0x0000000089e00000, 0x0000000089e00000| Untracked 
| 159|0x0000000089f00000, 0x0000000089f00000, 0x000000008a000000|  0%| F|  |TAMS 0x0000000089f00000, 0x0000000089f00000| Untracked 
| 160|0x000000008a000000, 0x000000008a000000, 0x000000008a100000|  0%| F|  |TAMS 0x000000008a000000, 0x000000008a000000| Untracked 
| 161|0x000000008a100000, 0x000000008a100000, 0x000000008a200000|  0%| F|  |TAMS 0x000000008a100000, 0x000000008a100000| Untracked 
| 162|0x000000008a200000, 0x000000008a200000, 0x000000008a300000|  0%| F|  |TAMS 0x000000008a200000, 0x000000008a200000| Untracked 
| 163|0x000000008a300000, 0x000000008a300000, 0x000000008a400000|  0%| F|  |TAMS 0x000000008a300000, 0x000000008a300000| Untracked 
| 164|0x000000008a400000, 0x000000008a400000, 0x000000008a500000|  0%| F|  |TAMS 0x000000008a400000, 0x000000008a400000| Untracked 
| 165|0x000000008a500000, 0x000000008a500000, 0x000000008a600000|  0%| F|  |TAMS 0x000000008a500000, 0x000000008a500000| Untracked 
| 166|0x000000008a600000, 0x000000008a600000, 0x000000008a700000|  0%| F|  |TAMS 0x000000008a600000, 0x000000008a600000| Untracked 
| 167|0x000000008a700000, 0x000000008a700000, 0x000000008a800000|  0%| F|  |TAMS 0x000000008a700000, 0x000000008a700000| Untracked 
| 168|0x000000008a800000, 0x000000008a800000, 0x000000008a900000|  0%| F|  |TAMS 0x000000008a800000, 0x000000008a800000| Untracked 
| 169|0x000000008a900000, 0x000000008a900000, 0x000000008aa00000|  0%| F|  |TAMS 0x000000008a900000, 0x000000008a900000| Untracked 
| 170|0x000000008aa00000, 0x000000008aa00000, 0x000000008ab00000|  0%| F|  |TAMS 0x000000008aa00000, 0x000000008aa00000| Untracked 
| 171|0x000000008ab00000, 0x000000008ab00000, 0x000000008ac00000|  0%| F|  |TAMS 0x000000008ab00000, 0x000000008ab00000| Untracked 
| 172|0x000000008ac00000, 0x000000008ac00000, 0x000000008ad00000|  0%| F|  |TAMS 0x000000008ac00000, 0x000000008ac00000| Untracked 
| 173|0x000000008ad00000, 0x000000008ad00000, 0x000000008ae00000|  0%| F|  |TAMS 0x000000008ad00000, 0x000000008ad00000| Untracked 
| 174|0x000000008ae00000, 0x000000008ae00000, 0x000000008af00000|  0%| F|  |TAMS 0x000000008ae00000, 0x000000008ae00000| Untracked 
| 175|0x000000008af00000, 0x000000008af00000, 0x000000008b000000|  0%| F|  |TAMS 0x000000008af00000, 0x000000008af00000| Untracked 
| 176|0x000000008b000000, 0x000000008b000000, 0x000000008b100000|  0%| F|  |TAMS 0x000000008b000000, 0x000000008b000000| Untracked 
| 177|0x000000008b100000, 0x000000008b100000, 0x000000008b200000|  0%| F|  |TAMS 0x000000008b100000, 0x000000008b100000| Untracked 
| 178|0x000000008b200000, 0x000000008b200000, 0x000000008b300000|  0%| F|  |TAMS 0x000000008b200000, 0x000000008b200000| Untracked 
| 179|0x000000008b300000, 0x000000008b300000, 0x000000008b400000|  0%| F|  |TAMS 0x000000008b300000, 0x000000008b300000| Untracked 
| 180|0x000000008b400000, 0x000000008b400000, 0x000000008b500000|  0%| F|  |TAMS 0x000000008b400000, 0x000000008b400000| Untracked 
| 181|0x000000008b500000, 0x000000008b500000, 0x000000008b600000|  0%| F|  |TAMS 0x000000008b500000, 0x000000008b500000| Untracked 
| 182|0x000000008b600000, 0x000000008b600000, 0x000000008b700000|  0%| F|  |TAMS 0x000000008b600000, 0x000000008b600000| Untracked 
| 183|0x000000008b700000, 0x000000008b700000, 0x000000008b800000|  0%| F|  |TAMS 0x000000008b700000, 0x000000008b700000| Untracked 
| 184|0x000000008b800000, 0x000000008b800000, 0x000000008b900000|  0%| F|  |TAMS 0x000000008b800000, 0x000000008b800000| Untracked 
| 185|0x000000008b900000, 0x000000008ba00000, 0x000000008ba00000|100%| E|  |TAMS 0x000000008b900000, 0x000000008b900000| Complete 
| 186|0x000000008ba00000, 0x000000008bb00000, 0x000000008bb00000|100%| E|CS|TAMS 0x000000008ba00000, 0x000000008ba00000| Complete 
| 187|0x000000008bb00000, 0x000000008bc00000, 0x000000008bc00000|100%| E|CS|TAMS 0x000000008bb00000, 0x000000008bb00000| Complete 
| 188|0x000000008bc00000, 0x000000008bd00000, 0x000000008bd00000|100%| E|CS|TAMS 0x000000008bc00000, 0x000000008bc00000| Complete 
| 189|0x000000008bd00000, 0x000000008be00000, 0x000000008be00000|100%| E|CS|TAMS 0x000000008bd00000, 0x000000008bd00000| Complete 
| 190|0x000000008be00000, 0x000000008bf00000, 0x000000008bf00000|100%| E|CS|TAMS 0x000000008be00000, 0x000000008be00000| Complete 
| 191|0x000000008bf00000, 0x000000008c000000, 0x000000008c000000|100%| E|CS|TAMS 0x000000008bf00000, 0x000000008bf00000| Complete 
| 192|0x000000008c000000, 0x000000008c100000, 0x000000008c100000|100%| E|CS|TAMS 0x000000008c000000, 0x000000008c000000| Complete 
| 193|0x000000008c100000, 0x000000008c200000, 0x000000008c200000|100%| E|CS|TAMS 0x000000008c100000, 0x000000008c100000| Complete 
| 194|0x000000008c200000, 0x000000008c300000, 0x000000008c300000|100%| E|CS|TAMS 0x000000008c200000, 0x000000008c200000| Complete 
| 195|0x000000008c300000, 0x000000008c400000, 0x000000008c400000|100%| E|CS|TAMS 0x000000008c300000, 0x000000008c300000| Complete 
| 196|0x000000008c400000, 0x000000008c500000, 0x000000008c500000|100%| E|CS|TAMS 0x000000008c400000, 0x000000008c400000| Complete 
| 197|0x000000008c500000, 0x000000008c600000, 0x000000008c600000|100%| E|CS|TAMS 0x000000008c500000, 0x000000008c500000| Complete 
| 198|0x000000008c600000, 0x000000008c700000, 0x000000008c700000|100%| E|CS|TAMS 0x000000008c600000, 0x000000008c600000| Complete 
| 199|0x000000008c700000, 0x000000008c800000, 0x000000008c800000|100%| E|CS|TAMS 0x000000008c700000, 0x000000008c700000| Complete 
| 200|0x000000008c800000, 0x000000008c900000, 0x000000008c900000|100%| E|CS|TAMS 0x000000008c800000, 0x000000008c800000| Complete 
| 201|0x000000008c900000, 0x000000008ca00000, 0x000000008ca00000|100%| E|CS|TAMS 0x000000008c900000, 0x000000008c900000| Complete 
| 202|0x000000008ca00000, 0x000000008cb00000, 0x000000008cb00000|100%| E|CS|TAMS 0x000000008ca00000, 0x000000008ca00000| Complete 
| 203|0x000000008cb00000, 0x000000008cc00000, 0x000000008cc00000|100%| E|CS|TAMS 0x000000008cb00000, 0x000000008cb00000| Complete 
| 204|0x000000008cc00000, 0x000000008cd00000, 0x000000008cd00000|100%| E|CS|TAMS 0x000000008cc00000, 0x000000008cc00000| Complete 
| 205|0x000000008cd00000, 0x000000008ce00000, 0x000000008ce00000|100%| E|CS|TAMS 0x000000008cd00000, 0x000000008cd00000| Complete 
| 206|0x000000008ce00000, 0x000000008cf00000, 0x000000008cf00000|100%| E|CS|TAMS 0x000000008ce00000, 0x000000008ce00000| Complete 
| 207|0x000000008cf00000, 0x000000008d000000, 0x000000008d000000|100%| E|CS|TAMS 0x000000008cf00000, 0x000000008cf00000| Complete 
| 208|0x000000008d000000, 0x000000008d100000, 0x000000008d100000|100%| E|CS|TAMS 0x000000008d000000, 0x000000008d000000| Complete 
| 209|0x000000008d100000, 0x000000008d200000, 0x000000008d200000|100%| E|CS|TAMS 0x000000008d100000, 0x000000008d100000| Complete 
| 210|0x000000008d200000, 0x000000008d300000, 0x000000008d300000|100%| E|CS|TAMS 0x000000008d200000, 0x000000008d200000| Complete 
| 211|0x000000008d300000, 0x000000008d400000, 0x000000008d400000|100%| E|CS|TAMS 0x000000008d300000, 0x000000008d300000| Complete 
| 212|0x000000008d400000, 0x000000008d500000, 0x000000008d500000|100%| E|CS|TAMS 0x000000008d400000, 0x000000008d400000| Complete 
| 213|0x000000008d500000, 0x000000008d600000, 0x000000008d600000|100%| S|CS|TAMS 0x000000008d500000, 0x000000008d500000| Complete 
| 214|0x000000008d600000, 0x000000008d700000, 0x000000008d700000|100%| S|CS|TAMS 0x000000008d600000, 0x000000008d600000| Complete 
| 215|0x000000008d700000, 0x000000008d800000, 0x000000008d800000|100%| S|CS|TAMS 0x000000008d700000, 0x000000008d700000| Complete 
| 216|0x000000008d800000, 0x000000008d900000, 0x000000008d900000|100%| E|CS|TAMS 0x000000008d800000, 0x000000008d800000| Complete 
| 217|0x000000008d900000, 0x000000008da00000, 0x000000008da00000|100%| E|CS|TAMS 0x000000008d900000, 0x000000008d900000| Complete 
| 218|0x000000008da00000, 0x000000008db00000, 0x000000008db00000|100%| E|CS|TAMS 0x000000008da00000, 0x000000008da00000| Complete 
| 219|0x000000008db00000, 0x000000008dc00000, 0x000000008dc00000|100%| E|CS|TAMS 0x000000008db00000, 0x000000008db00000| Complete 
| 220|0x000000008dc00000, 0x000000008dd00000, 0x000000008dd00000|100%| E|CS|TAMS 0x000000008dc00000, 0x000000008dc00000| Complete 
| 221|0x000000008dd00000, 0x000000008de00000, 0x000000008de00000|100%| E|CS|TAMS 0x000000008dd00000, 0x000000008dd00000| Complete 
| 222|0x000000008de00000, 0x000000008df00000, 0x000000008df00000|100%| E|CS|TAMS 0x000000008de00000, 0x000000008de00000| Complete 
| 223|0x000000008df00000, 0x000000008e000000, 0x000000008e000000|100%| E|CS|TAMS 0x000000008df00000, 0x000000008df00000| Complete 
| 224|0x000000008e000000, 0x000000008e100000, 0x000000008e100000|100%| E|CS|TAMS 0x000000008e000000, 0x000000008e000000| Complete 
| 225|0x000000008e100000, 0x000000008e200000, 0x000000008e200000|100%| E|CS|TAMS 0x000000008e100000, 0x000000008e100000| Complete 
| 226|0x000000008e200000, 0x000000008e300000, 0x000000008e300000|100%| E|CS|TAMS 0x000000008e200000, 0x000000008e200000| Complete 
| 227|0x000000008e300000, 0x000000008e400000, 0x000000008e400000|100%| E|CS|TAMS 0x000000008e300000, 0x000000008e300000| Complete 
| 228|0x000000008e400000, 0x000000008e500000, 0x000000008e500000|100%| E|CS|TAMS 0x000000008e400000, 0x000000008e400000| Complete 
| 229|0x000000008e500000, 0x000000008e600000, 0x000000008e600000|100%| E|CS|TAMS 0x000000008e500000, 0x000000008e500000| Complete 
| 230|0x000000008e600000, 0x000000008e700000, 0x000000008e700000|100%| E|CS|TAMS 0x000000008e600000, 0x000000008e600000| Complete 
| 231|0x000000008e700000, 0x000000008e800000, 0x000000008e800000|100%| E|CS|TAMS 0x000000008e700000, 0x000000008e700000| Complete 
| 232|0x000000008e800000, 0x000000008e900000, 0x000000008e900000|100%| E|CS|TAMS 0x000000008e800000, 0x000000008e800000| Complete 
| 233|0x000000008e900000, 0x000000008ea00000, 0x000000008ea00000|100%| E|CS|TAMS 0x000000008e900000, 0x000000008e900000| Complete 
| 234|0x000000008ea00000, 0x000000008eb00000, 0x000000008eb00000|100%| E|CS|TAMS 0x000000008ea00000, 0x000000008ea00000| Complete 
| 235|0x000000008eb00000, 0x000000008ec00000, 0x000000008ec00000|100%| E|  |TAMS 0x000000008eb00000, 0x000000008eb00000| Complete 
| 236|0x000000008ec00000, 0x000000008ed00000, 0x000000008ed00000|100%| E|CS|TAMS 0x000000008ec00000, 0x000000008ec00000| Complete 
| 237|0x000000008ed00000, 0x000000008ee00000, 0x000000008ee00000|100%| E|CS|TAMS 0x000000008ed00000, 0x000000008ed00000| Complete 
| 238|0x000000008ee00000, 0x000000008ef00000, 0x000000008ef00000|100%| E|CS|TAMS 0x000000008ee00000, 0x000000008ee00000| Complete 
| 239|0x000000008ef00000, 0x000000008f000000, 0x000000008f000000|100%| E|CS|TAMS 0x000000008ef00000, 0x000000008ef00000| Complete 
| 240|0x000000008f000000, 0x000000008f100000, 0x000000008f100000|100%| E|CS|TAMS 0x000000008f000000, 0x000000008f000000| Complete 
| 241|0x000000008f100000, 0x000000008f200000, 0x000000008f200000|100%| E|CS|TAMS 0x000000008f100000, 0x000000008f100000| Complete 
| 242|0x000000008f200000, 0x000000008f300000, 0x000000008f300000|100%| E|CS|TAMS 0x000000008f200000, 0x000000008f200000| Complete 
| 243|0x000000008f300000, 0x000000008f400000, 0x000000008f400000|100%| E|CS|TAMS 0x000000008f300000, 0x000000008f300000| Complete 
| 244|0x000000008f400000, 0x000000008f500000, 0x000000008f500000|100%| E|CS|TAMS 0x000000008f400000, 0x000000008f400000| Complete 
| 245|0x000000008f500000, 0x000000008f600000, 0x000000008f600000|100%| E|CS|TAMS 0x000000008f500000, 0x000000008f500000| Complete 
| 246|0x000000008f600000, 0x000000008f700000, 0x000000008f700000|100%| E|CS|TAMS 0x000000008f600000, 0x000000008f600000| Complete 
| 247|0x000000008f700000, 0x000000008f800000, 0x000000008f800000|100%| E|CS|TAMS 0x000000008f700000, 0x000000008f700000| Complete 
| 248|0x000000008f800000, 0x000000008f900000, 0x000000008f900000|100%| E|CS|TAMS 0x000000008f800000, 0x000000008f800000| Complete 
| 249|0x000000008f900000, 0x000000008fa00000, 0x000000008fa00000|100%| E|CS|TAMS 0x000000008f900000, 0x000000008f900000| Complete 
| 250|0x000000008fa00000, 0x000000008fb00000, 0x000000008fb00000|100%| E|CS|TAMS 0x000000008fa00000, 0x000000008fa00000| Complete 
| 251|0x000000008fb00000, 0x000000008fc00000, 0x000000008fc00000|100%| E|CS|TAMS 0x000000008fb00000, 0x000000008fb00000| Complete 

Card table byte_map: [0x0000026d27c80000,0x0000026d28080000] _byte_map_base: 0x0000026d27880000

Marking Bits (Prev, Next): (CMBitMap*) 0x0000026d1433e290, (CMBitMap*) 0x0000026d1433e258
 Prev Bits: [0x0000026d2a480000, 0x0000026d2c480000)
 Next Bits: [0x0000026d28480000, 0x0000026d2a480000)

Polling page: 0x0000026d12a60000

Metaspace:

Usage:
  Non-class:     56.14 MB capacity,    55.17 MB ( 98%) used,   827.28 KB (  1%) free+waste,   165.94 KB ( <1%) overhead. 
      Class:      8.63 MB capacity,     8.05 MB ( 93%) used,   518.81 KB (  6%) free+waste,    77.88 KB ( <1%) overhead. 
       Both:     64.77 MB capacity,    63.22 MB ( 98%) used,     1.31 MB (  2%) free+waste,   243.81 KB ( <1%) overhead. 

Virtual space:
  Non-class space:       58.00 MB reserved,      56.17 MB ( 97%) committed 
      Class space:        1.00 GB reserved,       8.75 MB ( <1%) committed 
             Both:        1.06 GB reserved,      64.92 MB (  6%) committed 

Chunk freelists:
   Non-Class:  24.00 KB
       Class:  29.00 KB
        Both:  53.00 KB

MaxMetaspaceSize: 17179869184.00 GB
CompressedClassSpaceSize: 1.00 GB
Initial GC threshold: 20.80 MB
Current GC threshold: 97.99 MB
CDS: off

CodeHeap 'non-profiled nmethods': size=120000Kb used=3503Kb max_used=3503Kb free=116496Kb
 bounds [0x0000026d1f8e0000, 0x0000026d1fc50000, 0x0000026d26e10000]
CodeHeap 'profiled nmethods': size=120000Kb used=13380Kb max_used=13380Kb free=106619Kb
 bounds [0x0000026d183b0000, 0x0000026d190d0000, 0x0000026d1f8e0000]
CodeHeap 'non-nmethods': size=5760Kb used=2356Kb max_used=2378Kb free=3403Kb
 bounds [0x0000026d17e10000, 0x0000026d18080000, 0x0000026d183b0000]
 total_blobs=7157 nmethods=6303 adapters=766
 compilation: enabled
              stopped_count=0, restarted_count=0
 full_count=0

Compilation events (20 events):
Event: 14.078 Thread 0x0000026d2f7a1800 6286       3       org.gradle.api.internal.DefaultDomainObjectCollection$1::<init> (15 bytes)
Event: 14.078 Thread 0x0000026d2f7a1800 nmethod 6286 0x0000026d19090d90 code [0x0000026d19090f40, 0x0000026d19091158]
Event: 14.078 Thread 0x0000026d2f7a1800 6289       3       org.gradle.api.internal.DefaultDomainObjectCollection::<init> (16 bytes)
Event: 14.079 Thread 0x0000026d2f7a1800 nmethod 6289 0x0000026d19091210 code [0x0000026d19091420, 0x0000026d19091988]
Event: 14.079 Thread 0x0000026d2f7a1800 6290       1       org.gradle.api.internal.DefaultCollectionCallbackActionDecorator::access$100 (5 bytes)
Event: 14.079 Thread 0x0000026d2f7a1800 nmethod 6290 0x0000026d1fc49e10 code [0x0000026d1fc49fc0, 0x0000026d1fc4a058]
Event: 14.079 Thread 0x0000026d2f7a1800 6291       1       org.gradle.api.internal.DefaultCollectionCallbackActionDecorator$BuildOperationEmittingAction::access$000 (5 bytes)
Event: 14.079 Thread 0x0000026d2f7a1800 nmethod 6291 0x0000026d1fc4a110 code [0x0000026d1fc4a2c0, 0x0000026d1fc4a358]
Event: 14.079 Thread 0x0000026d2f7a1800 6292       1       org.gradle.api.internal.collections.DefaultCollectionEventRegister::getDecorator (5 bytes)
Event: 14.079 Thread 0x0000026d2f7a1800 nmethod 6292 0x0000026d1fc4a410 code [0x0000026d1fc4a5c0, 0x0000026d1fc4a678]
Event: 14.079 Thread 0x0000026d2f7a1800 6293       3       org.gradle.internal.operations.DefaultBuildOperationListenerManager$1::started (47 bytes)
Event: 14.079 Thread 0x0000026d2f7a1800 nmethod 6293 0x0000026d19091b90 code [0x0000026d19091d80, 0x0000026d190922c8]
Event: 14.079 Thread 0x0000026d2f7a1800 6294       3       org.gradle.internal.instantiation.generator.DefaultInstantiatorFactory::decorateLenient (8 bytes)
Event: 14.079 Thread 0x0000026d2f7a1800 nmethod 6294 0x0000026d19092490 code [0x0000026d19092640, 0x0000026d19092778]
Event: 14.079 Thread 0x0000026d2f7a1800 6295       1       org.gradle.api.internal.project.DefaultProjectStateRegistry$ProjectStateImpl::getProjectPath (5 bytes)
Event: 14.079 Thread 0x0000026d2f7a1800 nmethod 6295 0x0000026d1fc4a710 code [0x0000026d1fc4a8c0, 0x0000026d1fc4a978]
Event: 14.079 Thread 0x0000026d2f7a1800 6296       1       org.gradle.api.internal.project.DefaultProjectStateRegistry$ProjectStateImpl::getIdentityPath (5 bytes)
Event: 14.079 Thread 0x0000026d2f7a1800 nmethod 6296 0x0000026d1fc4aa10 code [0x0000026d1fc4abc0, 0x0000026d1fc4ac78]
Event: 14.079 Thread 0x0000026d2f7a1800 6297       3       org.gradle.internal.operations.DefaultBuildOperationListenerManager$1::finished (48 bytes)
Event: 14.080 Thread 0x0000026d2f7a1800 nmethod 6297 0x0000026d19092810 code [0x0000026d19092a00, 0x0000026d19092f28]

GC Heap History (14 events):
Event: 1.190 GC heap before
{Heap before GC invocations=0 (full 0):
 garbage-first heap   total 258048K, used 29696K [0x0000000080000000, 0x0000000100000000)
  region size 1024K, 24 young (24576K), 0 survivors (0K)
 Metaspace       used 9846K, capacity 10050K, committed 10112K, reserved 1058816K
  class space    used 1027K, capacity 1102K, committed 1152K, reserved 1048576K
}
Event: 1.194 GC heap after
{Heap after GC invocations=1 (full 0):
 garbage-first heap   total 258048K, used 9485K [0x0000000080000000, 0x0000000100000000)
  region size 1024K, 3 young (3072K), 3 survivors (3072K)
 Metaspace       used 9846K, capacity 10050K, committed 10112K, reserved 1058816K
  class space    used 1027K, capacity 1102K, committed 1152K, reserved 1048576K
}
Event: 3.356 GC heap before
{Heap before GC invocations=1 (full 0):
 garbage-first heap   total 258048K, used 111885K [0x0000000080000000, 0x0000000100000000)
  region size 1024K, 104 young (106496K), 3 survivors (3072K)
 Metaspace       used 20720K, capacity 21131K, committed 21248K, reserved 1067008K
  class space    used 2547K, capacity 2710K, committed 2816K, reserved 1048576K
}
Event: 3.367 GC heap after
{Heap after GC invocations=2 (full 0):
 garbage-first heap   total 258048K, used 17238K [0x0000000080000000, 0x0000000100000000)
  region size 1024K, 11 young (11264K), 11 survivors (11264K)
 Metaspace       used 20720K, capacity 21131K, committed 21248K, reserved 1067008K
  class space    used 2547K, capacity 2710K, committed 2816K, reserved 1048576K
}
Event: 4.788 GC heap before
{Heap before GC invocations=3 (full 0):
 garbage-first heap   total 258048K, used 85846K [0x0000000080000000, 0x0000000100000000)
  region size 1024K, 78 young (79872K), 11 survivors (11264K)
 Metaspace       used 27496K, capacity 28106K, committed 28288K, reserved 1073152K
  class space    used 3616K, capacity 3856K, committed 3968K, reserved 1048576K
}
Event: 4.802 GC heap after
{Heap after GC invocations=4 (full 0):
 garbage-first heap   total 258048K, used 20387K [0x0000000080000000, 0x0000000100000000)
  region size 1024K, 3 young (3072K), 3 survivors (3072K)
 Metaspace       used 27496K, capacity 28106K, committed 28288K, reserved 1073152K
  class space    used 3616K, capacity 3856K, committed 3968K, reserved 1048576K
}
Event: 6.153 GC heap before
{Heap before GC invocations=4 (full 0):
 garbage-first heap   total 258048K, used 64419K [0x0000000080000000, 0x0000000100000000)
  region size 1024K, 47 young (48128K), 3 survivors (3072K)
 Metaspace       used 34901K, capacity 35718K, committed 35840K, reserved 1081344K
  class space    used 4532K, capacity 4839K, committed 4864K, reserved 1048576K
}
Event: 6.162 GC heap after
{Heap after GC invocations=5 (full 0):
 garbage-first heap   total 258048K, used 23017K [0x0000000080000000, 0x0000000100000000)
  region size 1024K, 6 young (6144K), 6 survivors (6144K)
 Metaspace       used 34901K, capacity 35718K, committed 35840K, reserved 1081344K
  class space    used 4532K, capacity 4839K, committed 4864K, reserved 1048576K
}
Event: 10.411 GC heap before
{Heap before GC invocations=6 (full 0):
 garbage-first heap   total 258048K, used 136681K [0x0000000080000000, 0x0000000100000000)
  region size 1024K, 114 young (116736K), 6 survivors (6144K)
 Metaspace       used 44524K, capacity 45542K, committed 45824K, reserved 1089536K
  class space    used 5710K, capacity 6096K, committed 6144K, reserved 1048576K
}
Event: 10.422 GC heap after
{Heap after GC invocations=7 (full 0):
 garbage-first heap   total 258048K, used 30286K [0x0000000080000000, 0x0000000100000000)
  region size 1024K, 13 young (13312K), 13 survivors (13312K)
 Metaspace       used 44524K, capacity 45542K, committed 45824K, reserved 1089536K
  class space    used 5710K, capacity 6096K, committed 6144K, reserved 1048576K
}
Event: 12.606 GC heap before
{Heap before GC invocations=7 (full 0):
 garbage-first heap   total 258048K, used 164430K [0x0000000080000000, 0x0000000100000000)
  region size 1024K, 141 young (144384K), 13 survivors (13312K)
 Metaspace       used 53095K, capacity 54428K, committed 54656K, reserved 1097728K
  class space    used 6792K, capacity 7294K, committed 7296K, reserved 1048576K
}
Event: 12.621 GC heap after
{Heap after GC invocations=8 (full 0):
 garbage-first heap   total 258048K, used 44024K [0x0000000080000000, 0x0000000100000000)
  region size 1024K, 17 young (17408K), 17 survivors (17408K)
 Metaspace       used 53095K, capacity 54428K, committed 54656K, reserved 1097728K
  class space    used 6792K, capacity 7294K, committed 7296K, reserved 1048576K
}
Event: 13.222 GC heap before
{Heap before GC invocations=8 (full 0):
 garbage-first heap   total 258048K, used 79864K [0x0000000080000000, 0x0000000100000000)
  region size 1024K, 53 young (54272K), 17 survivors (17408K)
 Metaspace       used 58459K, capacity 59819K, committed 59948K, reserved 1101824K
  class space    used 7458K, capacity 7999K, committed 8064K, reserved 1048576K
}
Event: 13.261 GC heap after
{Heap after GC invocations=9 (full 0):
 garbage-first heap   total 258048K, used 46713K [0x0000000080000000, 0x0000000100000000)
  region size 1024K, 3 young (3072K), 3 survivors (3072K)
 Metaspace       used 58459K, capacity 59819K, committed 59948K, reserved 1101824K
  class space    used 7458K, capacity 7999K, committed 8064K, reserved 1048576K
}

Deoptimization events (20 events):
Event: 13.680 Thread 0x0000026d2f7af000 Uncommon trap: trap_request=0xffffff4d fr.pc=0x0000026d1fbc512c relative=0x0000000000002eec
Event: 13.680 Thread 0x0000026d2f7af000 Uncommon trap: reason=unstable_if action=reinterpret pc=0x0000026d1fbc512c method=java.util.regex.Pattern.has(I)Z @ 6 c2
Event: 13.680 Thread 0x0000026d2f7af000 DEOPT PACKING pc=0x0000026d1fbc512c sp=0x0000007dcadf7020
Event: 13.680 Thread 0x0000026d2f7af000 DEOPT UNPACKING pc=0x0000026d17e185af sp=0x0000007dcadf6fa0 mode 2
Event: 13.680 Thread 0x0000026d2f7af000 Uncommon trap: trap_request=0xffffff4d fr.pc=0x0000026d1f95d874 relative=0x0000000000000054
Event: 13.680 Thread 0x0000026d2f7af000 Uncommon trap: reason=unstable_if action=reinterpret pc=0x0000026d1f95d874 method=java.util.regex.Pattern.has(I)Z @ 6 c2
Event: 13.680 Thread 0x0000026d2f7af000 DEOPT PACKING pc=0x0000026d1f95d874 sp=0x0000007dcadf7000
Event: 13.680 Thread 0x0000026d2f7af000 DEOPT UNPACKING pc=0x0000026d17e185af sp=0x0000007dcadf6f90 mode 2
Event: 14.026 Thread 0x0000026d2f7af000 Uncommon trap: trap_request=0xffffff4d fr.pc=0x0000026d1fbcdf1c relative=0x000000000000033c
Event: 14.026 Thread 0x0000026d2f7af000 Uncommon trap: reason=unstable_if action=reinterpret pc=0x0000026d1fbcdf1c method=org.gradle.internal.reflect.PropertyAccessorType.of(Ljava/lang/reflect/Method;)Lorg/gradle/internal/reflect/PropertyAccessorType; @ 56 c2
Event: 14.026 Thread 0x0000026d2f7af000 DEOPT PACKING pc=0x0000026d1fbcdf1c sp=0x0000007dcadf7770
Event: 14.026 Thread 0x0000026d2f7af000 DEOPT UNPACKING pc=0x0000026d17e185af sp=0x0000007dcadf7730 mode 2
Event: 14.062 Thread 0x0000026d2f7af000 Uncommon trap: trap_request=0xffffff4d fr.pc=0x0000026d1fc474d8 relative=0x0000000000000af8
Event: 14.062 Thread 0x0000026d2f7af000 Uncommon trap: reason=unstable_if action=reinterpret pc=0x0000026d1fc474d8 method=org.objectweb.asm.Label.resolve([BI)Z @ 80 c2
Event: 14.062 Thread 0x0000026d2f7af000 DEOPT PACKING pc=0x0000026d1fc474d8 sp=0x0000007dcadf6330
Event: 14.062 Thread 0x0000026d2f7af000 DEOPT UNPACKING pc=0x0000026d17e185af sp=0x0000007dcadf6250 mode 2
Event: 14.062 Thread 0x0000026d2f7af000 Uncommon trap: trap_request=0xffffff4d fr.pc=0x0000026d1fc2d124 relative=0x0000000000000204
Event: 14.062 Thread 0x0000026d2f7af000 Uncommon trap: reason=unstable_if action=reinterpret pc=0x0000026d1fc2d124 method=org.objectweb.asm.Label.resolve([BI)Z @ 80 c2
Event: 14.062 Thread 0x0000026d2f7af000 DEOPT PACKING pc=0x0000026d1fc2d124 sp=0x0000007dcadf62c0
Event: 14.062 Thread 0x0000026d2f7af000 DEOPT UNPACKING pc=0x0000026d17e185af sp=0x0000007dcadf6240 mode 2

Classes redefined (0 events):
No events

Internal exceptions (20 events):
Event: 12.214 Thread 0x0000026d2f7af000 Exception <a 'java/lang/ClassNotFoundException'{0x00000000897044b0}: org/gradle/api/internal/plugins/DefaultObjectConfigurationActionCustomizer> (0x00000000897044b0) thrown at [./src/hotspot/share/classfile/systemDictionary.cpp, line 231]
Event: 12.376 Thread 0x0000026d2f7af000 Exception <a 'java/lang/NoSuchMethodError'{0x0000000088d46730}: 'java.lang.Object java.lang.invoke.DirectMethodHandle$Holder.invokeStatic(java.lang.Object, java.lang.Object, java.lang.Object, java.lang.Object, int)'> (0x0000000088d46730) thrown at [./src/hotspot/share/interpreter/linkResolver.cpp, line 773]
Event: 12.376 Thread 0x0000026d2f7af000 Exception <a 'java/lang/NoSuchMethodError'{0x0000000088d4b128}: 'java.lang.Object java.lang.invoke.DirectMethodHandle$Holder.invokeSpecial(java.lang.Object, java.lang.Object, java.lang.Object, java.lang.Object, java.lang.Object, int)'> (0x0000000088d4b128) thrown at [./src/hotspot/share/interpreter/linkResolver.cpp, line 773]
Event: 12.377 Thread 0x0000026d2f7af000 Exception <a 'java/lang/NoSuchMethodError'{0x0000000088d4f768}: 'java.lang.Object java.lang.invoke.Invokers$Holder.linkToTargetMethod(java.lang.Object, java.lang.Object, java.lang.Object, int, java.lang.Object)'> (0x0000000088d4f768) thrown at [./src/hotspot/share/interpreter/linkResolver.cpp, line 773]
Event: 12.574 Thread 0x0000026d2f7af000 Exception <a 'java/lang/NoSuchMethodError'{0x00000000871859b0}: 'java.lang.Object java.lang.invoke.DirectMethodHandle$Holder.invokeSpecial(java.lang.Object, java.lang.Object, int, int, java.lang.Object, java.lang.Object, java.lang.Object)'> (0x00000000871859b0) thrown at [./src/hotspot/share/interpreter/linkResolver.cpp, line 773]
Event: 12.574 Thread 0x0000026d2f7af000 Exception <a 'java/lang/NoSuchMethodError'{0x0000000087189f30}: 'java.lang.Object java.lang.invoke.DelegatingMethodHandle$Holder.reinvoke_L(java.lang.Object, int, int, java.lang.Object, java.lang.Object, java.lang.Object)'> (0x0000000087189f30) thrown at [./src/hotspot/share/interpreter/linkResolver.cpp, line 773]
Event: 12.841 Thread 0x0000026d2f7af000 Exception <a 'java/lang/NoSuchMethodError'{0x000000008f17e250}: 'int java.lang.invoke.DirectMethodHandle$Holder.invokeInterface(java.lang.Object, java.lang.Object, java.lang.Object, java.lang.Object)'> (0x000000008f17e250) thrown at [./src/hotspot/share/interpreter/linkResolver.cpp, line 773]
Event: 13.095 Thread 0x0000026d2f7af000 Exception <a 'java/lang/NoSuchMethodError'{0x000000008e18e640}: 'void java.lang.invoke.DirectMethodHandle$Holder.invokeInterface(java.lang.Object, java.lang.Object, java.lang.Object, java.lang.Object)'> (0x000000008e18e640) thrown at [./src/hotspot/share/interpreter/linkResolver.cpp, line 773]
Event: 13.218 Thread 0x0000026d2f7af000 Exception <a 'java/lang/IncompatibleClassChangeError'{0x000000008d818910}: Found class java.lang.Object, but interface was expected> (0x000000008d818910) thrown at [./src/hotspot/share/interpreter/linkResolver.cpp, line 839]
Event: 13.413 Thread 0x0000026d2f7af000 Implicit null exception at 0x0000026d1fa8538b to 0x0000026d1fa85464
Event: 13.478 Thread 0x0000026d2f7af000 Implicit null exception at 0x0000026d1fa7b5ac to 0x0000026d1fa7b830
Event: 13.615 Thread 0x0000026d2f7af000 Exception <a 'sun/nio/fs/WindowsException'{0x000000008e518ba8}> (0x000000008e518ba8) thrown at [./src/hotspot/share/prims/jni.cpp, line 615]
Event: 13.922 Thread 0x0000026d2f7af000 Exception <a 'java/lang/ClassNotFoundException'{0x000000008cbf5f10}: org/gradle/api/plugins/internal/DefaultBasePluginConventionBeanInfo> (0x000000008cbf5f10) thrown at [./src/hotspot/share/classfile/systemDictionary.cpp, line 231]
Event: 13.923 Thread 0x0000026d2f7af000 Exception <a 'java/lang/ClassNotFoundException'{0x000000008ca31a90}: org/gradle/api/plugins/BasePluginConventionBeanInfo> (0x000000008ca31a90) thrown at [./src/hotspot/share/classfile/systemDictionary.cpp, line 231]
Event: 13.924 Thread 0x0000026d2f7af000 Exception <a 'java/lang/ClassNotFoundException'{0x000000008ca6d308}: org/gradle/api/plugins/BasePluginConventionCustomizer> (0x000000008ca6d308) thrown at [./src/hotspot/share/classfile/systemDictionary.cpp, line 231]
Event: 13.927 Thread 0x0000026d2f7af000 Exception <a 'java/lang/ClassNotFoundException'{0x000000008caba298}: org/gradle/api/plugins/internal/DefaultBasePluginConventionCustomizer> (0x000000008caba298) thrown at [./src/hotspot/share/classfile/systemDictionary.cpp, line 231]
Event: 13.931 Thread 0x0000026d2f7af000 Exception <a 'java/lang/ClassNotFoundException'{0x000000008c939f58}: org/gradle/api/plugins/internal/DefaultJavaPluginConventionBeanInfo> (0x000000008c939f58) thrown at [./src/hotspot/share/classfile/systemDictionary.cpp, line 231]
Event: 13.933 Thread 0x0000026d2f7af000 Exception <a 'java/lang/ClassNotFoundException'{0x000000008c9755d8}: org/gradle/api/plugins/JavaPluginConventionBeanInfo> (0x000000008c9755d8) thrown at [./src/hotspot/share/classfile/systemDictionary.cpp, line 231]
Event: 13.934 Thread 0x0000026d2f7af000 Exception <a 'java/lang/ClassNotFoundException'{0x000000008c9b10c0}: org/gradle/api/plugins/JavaPluginConventionCustomizer> (0x000000008c9b10c0) thrown at [./src/hotspot/share/classfile/systemDictionary.cpp, line 231]
Event: 13.936 Thread 0x0000026d2f7af000 Exception <a 'java/lang/ClassNotFoundException'{0x000000008c807f30}: org/gradle/api/plugins/internal/DefaultJavaPluginConventionCustomizer> (0x000000008c807f30) thrown at [./src/hotspot/share/classfile/systemDictionary.cpp, line 231]

Events (20 events):
Event: 14.065 loading class org/gradle/testing/jacoco/plugins/JacocoPlugin
Event: 14.065 loading class org/gradle/testing/jacoco/plugins/JacocoPlugin done
Event: 14.066 loading class kotlin/_Assertions
Event: 14.066 loading class kotlin/_Assertions done
Event: 14.066 loading class kotlin/_Assertions
Event: 14.066 loading class kotlin/_Assertions done
Event: 14.067 loading class com/android/build/gradle/internal/core/VariantDslInfoBuilder
Event: 14.067 loading class com/android/build/gradle/internal/core/VariantDslInfoBuilder done
Event: 14.068 loading class com/android/build/gradle/internal/core/VariantDslInfoBuilder$Companion
Event: 14.068 loading class com/android/build/gradle/internal/core/VariantDslInfoBuilder$Companion done
Event: 14.072 loading class com/android/build/gradle/internal/BuildTypeData
Event: 14.072 loading class com/android/build/gradle/internal/BuildTypeData done
Event: 14.080 loading class com/android/build/gradle/internal/plugins/BasePlugin
Event: 14.080 loading class com/android/build/gradle/internal/plugins/BasePlugin done
Event: 14.080 loading class com/android/build/gradle/internal/plugins/BasePlugin
Event: 14.080 loading class com/android/build/gradle/internal/plugins/BasePlugin done
Event: 14.083 loading class org/gradle/api/UnknownTaskException
Event: 14.083 loading class org/gradle/api/UnknownTaskException done
Event: 14.083 loading class com/android/build/gradle/internal/TaskManager$Companion
Event: 14.083 loading class com/android/build/gradle/internal/TaskManager$Companion done


Dynamic libraries:
0x00007ff6a35c0000 - 0x00007ff6a35ca000 	C:\Program Files\Android\Android Studio\jre\bin\java.exe
0x00007ffe3fbd0000 - 0x00007ffe3fdc5000 	C:\WINDOWS\SYSTEM32\ntdll.dll
0x00007ffe3f750000 - 0x00007ffe3f80d000 	C:\WINDOWS\System32\KERNEL32.DLL
0x00007ffe3d3f0000 - 0x00007ffe3d6bd000 	C:\WINDOWS\System32\KERNELBASE.dll
0x00007ffe3db20000 - 0x00007ffe3dc20000 	C:\WINDOWS\System32\ucrtbase.dll
0x00007ffe1c7c0000 - 0x00007ffe1c7d7000 	C:\Program Files\Android\Android Studio\jre\bin\VCRUNTIME140.dll
0x00007ffe19aa0000 - 0x00007ffe19ab9000 	C:\Program Files\Android\Android Studio\jre\bin\jli.dll
0x00007ffe3dc50000 - 0x00007ffe3ddf0000 	C:\WINDOWS\System32\USER32.dll
0x00007ffe3d9e0000 - 0x00007ffe3da02000 	C:\WINDOWS\System32\win32u.dll
0x00007ffe22d70000 - 0x00007ffe2300a000 	C:\WINDOWS\WinSxS\amd64_microsoft.windows.common-controls_6595b64144ccf1df_6.0.19041.1110_none_60b5254171f9507e\COMCTL32.dll
0x00007ffe3fac0000 - 0x00007ffe3faea000 	C:\WINDOWS\System32\GDI32.dll
0x00007ffe3e470000 - 0x00007ffe3e50e000 	C:\WINDOWS\System32\msvcrt.dll
0x00007ffe3d2e0000 - 0x00007ffe3d3eb000 	C:\WINDOWS\System32\gdi32full.dll
0x00007ffe3d7e0000 - 0x00007ffe3d87d000 	C:\WINDOWS\System32\msvcp_win.dll
0x00007ffe3dc20000 - 0x00007ffe3dc50000 	C:\WINDOWS\System32\IMM32.DLL
0x00007ffde3f00000 - 0x00007ffde3f9d000 	C:\Program Files\Android\Android Studio\jre\bin\msvcp140.dll
0x00007ffdf46c0000 - 0x00007ffdf51a5000 	C:\Program Files\Android\Android Studio\jre\bin\server\jvm.dll
0x00007ffe3e2a0000 - 0x00007ffe3e34e000 	C:\WINDOWS\System32\ADVAPI32.dll
0x00007ffe3faf0000 - 0x00007ffe3fb8c000 	C:\WINDOWS\System32\sechost.dll
0x00007ffe3f810000 - 0x00007ffe3f935000 	C:\WINDOWS\System32\RPCRT4.dll
0x00007ffe3ecf0000 - 0x00007ffe3ecf8000 	C:\WINDOWS\System32\PSAPI.DLL
0x00007ffdf46b0000 - 0x00007ffdf46b9000 	C:\WINDOWS\SYSTEM32\WSOCK32.dll
0x00007ffe1d710000 - 0x00007ffe1d737000 	C:\WINDOWS\SYSTEM32\WINMM.dll
0x00007ffe35280000 - 0x00007ffe3528a000 	C:\WINDOWS\SYSTEM32\VERSION.dll
0x00007ffe3e400000 - 0x00007ffe3e46b000 	C:\WINDOWS\System32\WS2_32.dll
0x00007ffe3bb60000 - 0x00007ffe3bb72000 	C:\WINDOWS\SYSTEM32\kernel.appcore.dll
0x00007ffe3a610000 - 0x00007ffe3a621000 	C:\Program Files\Android\Android Studio\jre\bin\verify.dll
0x00007ffe3b0e0000 - 0x00007ffe3b2c4000 	C:\WINDOWS\SYSTEM32\DBGHELP.DLL
0x00007ffe26c80000 - 0x00007ffe26cac000 	C:\WINDOWS\SYSTEM32\dbgcore.DLL
0x00007ffe3da10000 - 0x00007ffe3da92000 	C:\WINDOWS\System32\bcryptPrimitives.dll
0x00007ffe3a5e0000 - 0x00007ffe3a609000 	C:\Program Files\Android\Android Studio\jre\bin\java.dll
0x00007ffe3a570000 - 0x00007ffe3a57b000 	C:\Program Files\Android\Android Studio\jre\bin\jimage.dll
0x00007ffe38940000 - 0x00007ffe38958000 	C:\Program Files\Android\Android Studio\jre\bin\zip.dll
0x00007ffe3edd0000 - 0x00007ffe3f514000 	C:\WINDOWS\System32\SHELL32.dll
0x00007ffe3b3c0000 - 0x00007ffe3bb54000 	C:\WINDOWS\SYSTEM32\windows.storage.dll
0x00007ffe3df40000 - 0x00007ffe3e294000 	C:\WINDOWS\System32\combase.dll
0x00007ffe3cc70000 - 0x00007ffe3cc9c000 	C:\WINDOWS\SYSTEM32\Wldp.dll
0x00007ffe3e350000 - 0x00007ffe3e3fd000 	C:\WINDOWS\System32\SHCORE.dll
0x00007ffe3ed70000 - 0x00007ffe3edc5000 	C:\WINDOWS\System32\shlwapi.dll
0x00007ffe3d220000 - 0x00007ffe3d23f000 	C:\WINDOWS\SYSTEM32\profapi.dll
0x00007ffe273a0000 - 0x00007ffe273ba000 	C:\Program Files\Android\Android Studio\jre\bin\net.dll
0x00007ffe2d5a0000 - 0x00007ffe2d6aa000 	C:\WINDOWS\SYSTEM32\WINHTTP.dll
0x00007ffe3c9d0000 - 0x00007ffe3ca3a000 	C:\WINDOWS\system32\mswsock.dll
0x00007ffe1d310000 - 0x00007ffe1d324000 	C:\Program Files\Android\Android Studio\jre\bin\nio.dll
0x00007ffe33a90000 - 0x00007ffe33ab7000 	C:\Users\user\.gradle\native\e1d6ef7f7dcc3fd88c89a11ec53ec762bb8ba0a96d01ffa2cd45eb1d1d8dd5c5\windows-amd64\native-platform.dll
0x00007ffddafc0000 - 0x00007ffddb104000 	C:\Users\user\.gradle\native\5664cfc778a61ccfe75a443a1ab52a65af34e5dc3c78e0209fed803814484fcb\windows-amd64\native-platform-file-events.dll
0x00007ffe38930000 - 0x00007ffe3893a000 	C:\Program Files\Android\Android Studio\jre\bin\management.dll
0x00007ffe2bb00000 - 0x00007ffe2bb0d000 	C:\Program Files\Android\Android Studio\jre\bin\management_ext.dll
0x00007ffe3cbc0000 - 0x00007ffe3cbd8000 	C:\WINDOWS\SYSTEM32\CRYPTSP.dll
0x00007ffe3c350000 - 0x00007ffe3c384000 	C:\WINDOWS\system32\rsaenh.dll
0x00007ffe3daf0000 - 0x00007ffe3db17000 	C:\WINDOWS\System32\bcrypt.dll
0x00007ffe3d1e0000 - 0x00007ffe3d20e000 	C:\WINDOWS\SYSTEM32\USERENV.dll
0x00007ffe3cbe0000 - 0x00007ffe3cbec000 	C:\WINDOWS\SYSTEM32\CRYPTBASE.dll
0x00007ffe3c6c0000 - 0x00007ffe3c6fb000 	C:\WINDOWS\SYSTEM32\IPHLPAPI.DLL
0x00007ffe3ed60000 - 0x00007ffe3ed68000 	C:\WINDOWS\System32\NSI.dll
0x00007ffe30f60000 - 0x00007ffe30f77000 	C:\WINDOWS\SYSTEM32\dhcpcsvc6.DLL
0x00007ffe32ed0000 - 0x00007ffe32eed000 	C:\WINDOWS\SYSTEM32\dhcpcsvc.DLL
0x00007ffe3c700000 - 0x00007ffe3c7cb000 	C:\WINDOWS\SYSTEM32\DNSAPI.dll

dbghelp: loaded successfully - version: 4.0.5 - missing functions: none
symbol engine: initialized successfully - sym options: 0x614 - pdb path: .;C:\Program Files\Android\Android Studio\jre\bin;C:\WINDOWS\SYSTEM32;C:\WINDOWS\WinSxS\amd64_microsoft.windows.common-controls_6595b64144ccf1df_6.0.19041.1110_none_60b5254171f9507e;C:\Program Files\Android\Android Studio\jre\bin\server;C:\Users\user\.gradle\native\e1d6ef7f7dcc3fd88c89a11ec53ec762bb8ba0a96d01ffa2cd45eb1d1d8dd5c5\windows-amd64;C:\Users\user\.gradle\native\5664cfc778a61ccfe75a443a1ab52a65af34e5dc3c78e0209fed803814484fcb\windows-amd64

VM Arguments:
jvm_args: --add-opens=java.base/java.util=ALL-UNNAMED --add-opens=java.base/java.lang=ALL-UNNAMED --add-opens=java.base/java.lang.invoke=ALL-UNNAMED --add-opens=java.base/java.util=ALL-UNNAMED --add-opens=java.prefs/java.util.prefs=ALL-UNNAMED --add-opens=java.prefs/java.util.prefs=ALL-UNNAMED --add-opens=java.base/java.nio.charset=ALL-UNNAMED --add-opens=java.base/java.net=ALL-UNNAMED --add-opens=java.base/java.util.concurrent.atomic=ALL-UNNAMED -Xmx2048m -Dfile.encoding=UTF-8 -Duser.country=US -Duser.language=en -Duser.variant 
java_command: org.gradle.launcher.daemon.bootstrap.GradleDaemon 7.3.3
java_class_path (initial): C:\Users\user\.gradle\wrapper\dists\gradle-7.3.3-bin\6a41zxkdtcxs8rphpq6y0069z\gradle-7.3.3\lib\gradle-launcher-7.3.3.jar
Launcher Type: SUN_STANDARD

[Global flags]
     intx CICompilerCount                          = 4                                         {product} {ergonomic}
     uint ConcGCThreads                            = 2                                         {product} {ergonomic}
     uint G1ConcRefinementThreads                  = 8                                         {product} {ergonomic}
   size_t G1HeapRegionSize                         = 1048576                                   {product} {ergonomic}
    uintx GCDrainStackTargetSize                   = 64                                        {product} {ergonomic}
   size_t InitialHeapSize                          = 264241152                                 {product} {ergonomic}
   size_t MarkStackSize                            = 4194304                                   {product} {ergonomic}
   size_t MaxHeapSize                              = 2147483648                                {product} {command line}
   size_t MaxNewSize                               = 1287651328                                {product} {ergonomic}
   size_t MinHeapDeltaBytes                        = 1048576                                   {product} {ergonomic}
    uintx NonNMethodCodeHeapSize                   = 5836300                                {pd product} {ergonomic}
    uintx NonProfiledCodeHeapSize                  = 122910970                              {pd product} {ergonomic}
    uintx ProfiledCodeHeapSize                     = 122910970                              {pd product} {ergonomic}
    uintx ReservedCodeCacheSize                    = 251658240                              {pd product} {ergonomic}
     bool SegmentedCodeCache                       = true                                      {product} {ergonomic}
     bool UseCompressedClassPointers               = true                                 {lp64_product} {ergonomic}
     bool UseCompressedOops                        = true                                 {lp64_product} {ergonomic}
     bool UseG1GC                                  = true                                      {product} {ergonomic}
     bool UseLargePagesIndividualAllocation        = false                                  {pd product} {ergonomic}

Logging:
Log output configuration:
 #0: stdout all=warning uptime,level,tags
 #1: stderr all=off uptime,level,tags

Environment Variables:
PATH=C:\WINDOWS\system32;C:\WINDOWS;C:\WINDOWS\System32\Wbem;C:\WINDOWS\System32\WindowsPowerShell\v1.0\;C:\WINDOWS\System32\OpenSSH\;C:\Program Files\Java\jdk-15.0.2\bin;C:\Users\user\Desktop\apache-ant-new\apache-ant-1.10.9\bin;C:\Users\user\Downloads\apache-ant-1.10.10-bin\apache-ant-1.10.10\bin;C:\Program Files\Git\cmd;C:\Program Files\Microsoft SQL Server\150\Tools\Binn\;C:\Program Files\Microsoft SQL Server\Client SDK\ODBC\170\Tools\Binn\;C:\Program Files\dotnet\;C:\Program Files\nodejs\;C:\Users\user\AppData\Local\Microsoft\WindowsApps;C:\Users\user\AppData\Local\Programs\Microsoft VS Code\bin;C:\Users\user\.dotnet\tools;C:\Users\user\AppData\Local\gitkraken\bin;C:\Users\user\AppData\Roaming\npm
USERNAME=user
OS=Windows_NT
PROCESSOR_IDENTIFIER=Intel64 Family 6 Model 126 Stepping 5, GenuineIntel



---------------  S Y S T E M  ---------------

OS: Windows 10 , 64 bit Build 19041 (10.0.19041.1706)
OS uptime: 1 days 2:12 hours

CPU:total 8 (initial active 8) (4 cores per cpu, 2 threads per core) family 6 model 126 stepping 5 microcode 0xa0, cmov, cx8, fxsr, mmx, sse, sse2, sse3, ssse3, sse4.1, sse4.2, popcnt, avx, avx2, aes, clmul, erms, 3dnowpref, lzcnt, ht, tsc, tscinvbit, bmi1, bmi2, adx, evex, sha, fma

Memory: 4k page, system-wide physical 16086M (378M free)
TotalPageFile size 58210M (AvailPageFile size 4M)
current process WorkingSet (physical memory assigned to process): 396M, peak: 396M
current process commit charge ("private bytes"): 487M, peak: 487M

vm_info: OpenJDK 64-Bit Server VM (11.0.12+7-b1504.28-7817840) for windows-amd64 JRE (11.0.12+7-b1504.28-7817840), built on Oct 13 2021 22:12:33 by "builder" with MS VC++ 14.0 (VS2015)

END.
